Linked: (/home/amishsqrrob/uuv_simulator/devel/.private/uuv_sensor_plugins_ros_msgs/share/uuv_sensor_plugins_ros_msgs/cmake/uuv_sensor_plugins_ros_msgs-msg-paths.cmake, /home/amishsqrrob/uuv_simulator/devel/share/uuv_sensor_plugins_ros_msgs/cmake/uuv_sensor_plugins_ros_msgs-msg-paths.cmake)
Linked: (/home/amishsqrrob/uuv_simulator/devel/.private/uuv_sensor_plugins_ros_msgs/share/uuv_sensor_plugins_ros_msgs/cmake/uuv_sensor_plugins_ros_msgs-msg-extras.cmake, /home/amishsqrrob/uuv_simulator/devel/share/uuv_sensor_plugins_ros_msgs/cmake/uuv_sensor_plugins_ros_msgs-msg-extras.cmake)
Linked: (/home/amishsqrrob/uuv_simulator/devel/.private/uuv_sensor_plugins_ros_msgs/share/uuv_sensor_plugins_ros_msgs/cmake/uuv_sensor_plugins_ros_msgsConfig-version.cmake, /home/amishsqrrob/uuv_simulator/devel/share/uuv_sensor_plugins_ros_msgs/cmake/uuv_sensor_plugins_ros_msgsConfig-version.cmake)
Linked: (/home/amishsqrrob/uuv_simulator/devel/.private/uuv_sensor_plugins_ros_msgs/share/uuv_sensor_plugins_ros_msgs/cmake/uuv_sensor_plugins_ros_msgsConfig.cmake, /home/amishsqrrob/uuv_simulator/devel/share/uuv_sensor_plugins_ros_msgs/cmake/uuv_sensor_plugins_ros_msgsConfig.cmake)
Linked: (/home/amishsqrrob/uuv_simulator/devel/.private/uuv_sensor_plugins_ros_msgs/share/gennodejs/ros/uuv_sensor_plugins_ros_msgs/_index.js, /home/amishsqrrob/uuv_simulator/devel/share/gennodejs/ros/uuv_sensor_plugins_ros_msgs/_index.js)
Linked: (/home/amishsqrrob/uuv_simulator/devel/.private/uuv_sensor_plugins_ros_msgs/share/gennodejs/ros/uuv_sensor_plugins_ros_msgs/msg/ChemicalParticleConcentration.js, /home/amishsqrrob/uuv_simulator/devel/share/gennodejs/ros/uuv_sensor_plugins_ros_msgs/msg/ChemicalParticleConcentration.js)
Linked: (/home/amishsqrrob/uuv_simulator/devel/.private/uuv_sensor_plugins_ros_msgs/share/gennodejs/ros/uuv_sensor_plugins_ros_msgs/msg/DVLBeam.js, /home/amishsqrrob/uuv_simulator/devel/share/gennodejs/ros/uuv_sensor_plugins_ros_msgs/msg/DVLBeam.js)
Linked: (/home/amishsqrrob/uuv_simulator/devel/.private/uuv_sensor_plugins_ros_msgs/share/gennodejs/ros/uuv_sensor_plugins_ros_msgs/msg/Salinity.js, /home/amishsqrrob/uuv_simulator/devel/share/gennodejs/ros/uuv_sensor_plugins_ros_msgs/msg/Salinity.js)
Linked: (/home/amishsqrrob/uuv_simulator/devel/.private/uuv_sensor_plugins_ros_msgs/share/gennodejs/ros/uuv_sensor_plugins_ros_msgs/msg/PositionWithCovarianceStamped.js, /home/amishsqrrob/uuv_simulator/devel/share/gennodejs/ros/uuv_sensor_plugins_ros_msgs/msg/PositionWithCovarianceStamped.js)
Linked: (/home/amishsqrrob/uuv_simulator/devel/.private/uuv_sensor_plugins_ros_msgs/share/gennodejs/ros/uuv_sensor_plugins_ros_msgs/msg/PositionWithCovariance.js, /home/amishsqrrob/uuv_simulator/devel/share/gennodejs/ros/uuv_sensor_plugins_ros_msgs/msg/PositionWithCovariance.js)
Linked: (/home/amishsqrrob/uuv_simulator/devel/.private/uuv_sensor_plugins_ros_msgs/share/gennodejs/ros/uuv_sensor_plugins_ros_msgs/msg/DVL.js, /home/amishsqrrob/uuv_simulator/devel/share/gennodejs/ros/uuv_sensor_plugins_ros_msgs/msg/DVL.js)
Linked: (/home/amishsqrrob/uuv_simulator/devel/.private/uuv_sensor_plugins_ros_msgs/share/gennodejs/ros/uuv_sensor_plugins_ros_msgs/msg/_index.js, /home/amishsqrrob/uuv_simulator/devel/share/gennodejs/ros/uuv_sensor_plugins_ros_msgs/msg/_index.js)
Linked: (/home/amishsqrrob/uuv_simulator/devel/.private/uuv_sensor_plugins_ros_msgs/share/gennodejs/ros/uuv_sensor_plugins_ros_msgs/srv/ChangeSensorState.js, /home/amishsqrrob/uuv_simulator/devel/share/gennodejs/ros/uuv_sensor_plugins_ros_msgs/srv/ChangeSensorState.js)
Linked: (/home/amishsqrrob/uuv_simulator/devel/.private/uuv_sensor_plugins_ros_msgs/share/gennodejs/ros/uuv_sensor_plugins_ros_msgs/srv/_index.js, /home/amishsqrrob/uuv_simulator/devel/share/gennodejs/ros/uuv_sensor_plugins_ros_msgs/srv/_index.js)
Linked: (/home/amishsqrrob/uuv_simulator/devel/.private/uuv_sensor_plugins_ros_msgs/share/roseus/ros/uuv_sensor_plugins_ros_msgs/manifest.l, /home/amishsqrrob/uuv_simulator/devel/share/roseus/ros/uuv_sensor_plugins_ros_msgs/manifest.l)
Linked: (/home/amishsqrrob/uuv_simulator/devel/.private/uuv_sensor_plugins_ros_msgs/share/roseus/ros/uuv_sensor_plugins_ros_msgs/msg/PositionWithCovariance.l, /home/amishsqrrob/uuv_simulator/devel/share/roseus/ros/uuv_sensor_plugins_ros_msgs/msg/PositionWithCovariance.l)
Linked: (/home/amishsqrrob/uuv_simulator/devel/.private/uuv_sensor_plugins_ros_msgs/share/roseus/ros/uuv_sensor_plugins_ros_msgs/msg/ChemicalParticleConcentration.l, /home/amishsqrrob/uuv_simulator/devel/share/roseus/ros/uuv_sensor_plugins_ros_msgs/msg/ChemicalParticleConcentration.l)
Linked: (/home/amishsqrrob/uuv_simulator/devel/.private/uuv_sensor_plugins_ros_msgs/share/roseus/ros/uuv_sensor_plugins_ros_msgs/msg/DVLBeam.l, /home/amishsqrrob/uuv_simulator/devel/share/roseus/ros/uuv_sensor_plugins_ros_msgs/msg/DVLBeam.l)
Linked: (/home/amishsqrrob/uuv_simulator/devel/.private/uuv_sensor_plugins_ros_msgs/share/roseus/ros/uuv_sensor_plugins_ros_msgs/msg/DVL.l, /home/amishsqrrob/uuv_simulator/devel/share/roseus/ros/uuv_sensor_plugins_ros_msgs/msg/DVL.l)
Linked: (/home/amishsqrrob/uuv_simulator/devel/.private/uuv_sensor_plugins_ros_msgs/share/roseus/ros/uuv_sensor_plugins_ros_msgs/msg/PositionWithCovarianceStamped.l, /home/amishsqrrob/uuv_simulator/devel/share/roseus/ros/uuv_sensor_plugins_ros_msgs/msg/PositionWithCovarianceStamped.l)
Linked: (/home/amishsqrrob/uuv_simulator/devel/.private/uuv_sensor_plugins_ros_msgs/share/roseus/ros/uuv_sensor_plugins_ros_msgs/msg/Salinity.l, /home/amishsqrrob/uuv_simulator/devel/share/roseus/ros/uuv_sensor_plugins_ros_msgs/msg/Salinity.l)
Linked: (/home/amishsqrrob/uuv_simulator/devel/.private/uuv_sensor_plugins_ros_msgs/share/roseus/ros/uuv_sensor_plugins_ros_msgs/srv/ChangeSensorState.l, /home/amishsqrrob/uuv_simulator/devel/share/roseus/ros/uuv_sensor_plugins_ros_msgs/srv/ChangeSensorState.l)
Linked: (/home/amishsqrrob/uuv_simulator/devel/.private/uuv_sensor_plugins_ros_msgs/share/common-lisp/ros/uuv_sensor_plugins_ros_msgs/msg/DVLBeam.lisp, /home/amishsqrrob/uuv_simulator/devel/share/common-lisp/ros/uuv_sensor_plugins_ros_msgs/msg/DVLBeam.lisp)
Linked: (/home/amishsqrrob/uuv_simulator/devel/.private/uuv_sensor_plugins_ros_msgs/share/common-lisp/ros/uuv_sensor_plugins_ros_msgs/msg/_package_Salinity.lisp, /home/amishsqrrob/uuv_simulator/devel/share/common-lisp/ros/uuv_sensor_plugins_ros_msgs/msg/_package_Salinity.lisp)
Linked: (/home/amishsqrrob/uuv_simulator/devel/.private/uuv_sensor_plugins_ros_msgs/share/common-lisp/ros/uuv_sensor_plugins_ros_msgs/msg/Salinity.lisp, /home/amishsqrrob/uuv_simulator/devel/share/common-lisp/ros/uuv_sensor_plugins_ros_msgs/msg/Salinity.lisp)
Linked: (/home/amishsqrrob/uuv_simulator/devel/.private/uuv_sensor_plugins_ros_msgs/share/common-lisp/ros/uuv_sensor_plugins_ros_msgs/msg/DVL.lisp, /home/amishsqrrob/uuv_simulator/devel/share/common-lisp/ros/uuv_sensor_plugins_ros_msgs/msg/DVL.lisp)
Linked: (/home/amishsqrrob/uuv_simulator/devel/.private/uuv_sensor_plugins_ros_msgs/share/common-lisp/ros/uuv_sensor_plugins_ros_msgs/msg/_package_DVLBeam.lisp, /home/amishsqrrob/uuv_simulator/devel/share/common-lisp/ros/uuv_sensor_plugins_ros_msgs/msg/_package_DVLBeam.lisp)
Linked: (/home/amishsqrrob/uuv_simulator/devel/.private/uuv_sensor_plugins_ros_msgs/share/common-lisp/ros/uuv_sensor_plugins_ros_msgs/msg/_package_ChemicalParticleConcentration.lisp, /home/amishsqrrob/uuv_simulator/devel/share/common-lisp/ros/uuv_sensor_plugins_ros_msgs/msg/_package_ChemicalParticleConcentration.lisp)
Linked: (/home/amishsqrrob/uuv_simulator/devel/.private/uuv_sensor_plugins_ros_msgs/share/common-lisp/ros/uuv_sensor_plugins_ros_msgs/msg/_package_PositionWithCovarianceStamped.lisp, /home/amishsqrrob/uuv_simulator/devel/share/common-lisp/ros/uuv_sensor_plugins_ros_msgs/msg/_package_PositionWithCovarianceStamped.lisp)
Linked: (/home/amishsqrrob/uuv_simulator/devel/.private/uuv_sensor_plugins_ros_msgs/share/common-lisp/ros/uuv_sensor_plugins_ros_msgs/msg/_package_PositionWithCovariance.lisp, /home/amishsqrrob/uuv_simulator/devel/share/common-lisp/ros/uuv_sensor_plugins_ros_msgs/msg/_package_PositionWithCovariance.lisp)
Linked: (/home/amishsqrrob/uuv_simulator/devel/.private/uuv_sensor_plugins_ros_msgs/share/common-lisp/ros/uuv_sensor_plugins_ros_msgs/msg/ChemicalParticleConcentration.lisp, /home/amishsqrrob/uuv_simulator/devel/share/common-lisp/ros/uuv_sensor_plugins_ros_msgs/msg/ChemicalParticleConcentration.lisp)
Linked: (/home/amishsqrrob/uuv_simulator/devel/.private/uuv_sensor_plugins_ros_msgs/share/common-lisp/ros/uuv_sensor_plugins_ros_msgs/msg/uuv_sensor_plugins_ros_msgs-msg.asd, /home/amishsqrrob/uuv_simulator/devel/share/common-lisp/ros/uuv_sensor_plugins_ros_msgs/msg/uuv_sensor_plugins_ros_msgs-msg.asd)
Linked: (/home/amishsqrrob/uuv_simulator/devel/.private/uuv_sensor_plugins_ros_msgs/share/common-lisp/ros/uuv_sensor_plugins_ros_msgs/msg/PositionWithCovariance.lisp, /home/amishsqrrob/uuv_simulator/devel/share/common-lisp/ros/uuv_sensor_plugins_ros_msgs/msg/PositionWithCovariance.lisp)
Linked: (/home/amishsqrrob/uuv_simulator/devel/.private/uuv_sensor_plugins_ros_msgs/share/common-lisp/ros/uuv_sensor_plugins_ros_msgs/msg/_package.lisp, /home/amishsqrrob/uuv_simulator/devel/share/common-lisp/ros/uuv_sensor_plugins_ros_msgs/msg/_package.lisp)
Linked: (/home/amishsqrrob/uuv_simulator/devel/.private/uuv_sensor_plugins_ros_msgs/share/common-lisp/ros/uuv_sensor_plugins_ros_msgs/msg/_package_DVL.lisp, /home/amishsqrrob/uuv_simulator/devel/share/common-lisp/ros/uuv_sensor_plugins_ros_msgs/msg/_package_DVL.lisp)
Linked: (/home/amishsqrrob/uuv_simulator/devel/.private/uuv_sensor_plugins_ros_msgs/share/common-lisp/ros/uuv_sensor_plugins_ros_msgs/msg/PositionWithCovarianceStamped.lisp, /home/amishsqrrob/uuv_simulator/devel/share/common-lisp/ros/uuv_sensor_plugins_ros_msgs/msg/PositionWithCovarianceStamped.lisp)
Linked: (/home/amishsqrrob/uuv_simulator/devel/.private/uuv_sensor_plugins_ros_msgs/share/common-lisp/ros/uuv_sensor_plugins_ros_msgs/srv/uuv_sensor_plugins_ros_msgs-srv.asd, /home/amishsqrrob/uuv_simulator/devel/share/common-lisp/ros/uuv_sensor_plugins_ros_msgs/srv/uuv_sensor_plugins_ros_msgs-srv.asd)
Linked: (/home/amishsqrrob/uuv_simulator/devel/.private/uuv_sensor_plugins_ros_msgs/share/common-lisp/ros/uuv_sensor_plugins_ros_msgs/srv/ChangeSensorState.lisp, /home/amishsqrrob/uuv_simulator/devel/share/common-lisp/ros/uuv_sensor_plugins_ros_msgs/srv/ChangeSensorState.lisp)
Linked: (/home/amishsqrrob/uuv_simulator/devel/.private/uuv_sensor_plugins_ros_msgs/share/common-lisp/ros/uuv_sensor_plugins_ros_msgs/srv/_package_ChangeSensorState.lisp, /home/amishsqrrob/uuv_simulator/devel/share/common-lisp/ros/uuv_sensor_plugins_ros_msgs/srv/_package_ChangeSensorState.lisp)
Linked: (/home/amishsqrrob/uuv_simulator/devel/.private/uuv_sensor_plugins_ros_msgs/share/common-lisp/ros/uuv_sensor_plugins_ros_msgs/srv/_package.lisp, /home/amishsqrrob/uuv_simulator/devel/share/common-lisp/ros/uuv_sensor_plugins_ros_msgs/srv/_package.lisp)
Linked: (/home/amishsqrrob/uuv_simulator/devel/.private/uuv_sensor_plugins_ros_msgs/include/uuv_sensor_plugins_ros_msgs/ChangeSensorState.h, /home/amishsqrrob/uuv_simulator/devel/include/uuv_sensor_plugins_ros_msgs/ChangeSensorState.h)
Linked: (/home/amishsqrrob/uuv_simulator/devel/.private/uuv_sensor_plugins_ros_msgs/include/uuv_sensor_plugins_ros_msgs/PositionWithCovarianceStamped.h, /home/amishsqrrob/uuv_simulator/devel/include/uuv_sensor_plugins_ros_msgs/PositionWithCovarianceStamped.h)
Linked: (/home/amishsqrrob/uuv_simulator/devel/.private/uuv_sensor_plugins_ros_msgs/include/uuv_sensor_plugins_ros_msgs/PositionWithCovariance.h, /home/amishsqrrob/uuv_simulator/devel/include/uuv_sensor_plugins_ros_msgs/PositionWithCovariance.h)
Linked: (/home/amishsqrrob/uuv_simulator/devel/.private/uuv_sensor_plugins_ros_msgs/include/uuv_sensor_plugins_ros_msgs/ChemicalParticleConcentration.h, /home/amishsqrrob/uuv_simulator/devel/include/uuv_sensor_plugins_ros_msgs/ChemicalParticleConcentration.h)
Linked: (/home/amishsqrrob/uuv_simulator/devel/.private/uuv_sensor_plugins_ros_msgs/include/uuv_sensor_plugins_ros_msgs/DVLBeam.h, /home/amishsqrrob/uuv_simulator/devel/include/uuv_sensor_plugins_ros_msgs/DVLBeam.h)
Linked: (/home/amishsqrrob/uuv_simulator/devel/.private/uuv_sensor_plugins_ros_msgs/include/uuv_sensor_plugins_ros_msgs/Salinity.h, /home/amishsqrrob/uuv_simulator/devel/include/uuv_sensor_plugins_ros_msgs/Salinity.h)
Linked: (/home/amishsqrrob/uuv_simulator/devel/.private/uuv_sensor_plugins_ros_msgs/include/uuv_sensor_plugins_ros_msgs/ChangeSensorStateRequest.h, /home/amishsqrrob/uuv_simulator/devel/include/uuv_sensor_plugins_ros_msgs/ChangeSensorStateRequest.h)
Linked: (/home/amishsqrrob/uuv_simulator/devel/.private/uuv_sensor_plugins_ros_msgs/include/uuv_sensor_plugins_ros_msgs/DVL.h, /home/amishsqrrob/uuv_simulator/devel/include/uuv_sensor_plugins_ros_msgs/DVL.h)
Linked: (/home/amishsqrrob/uuv_simulator/devel/.private/uuv_sensor_plugins_ros_msgs/include/uuv_sensor_plugins_ros_msgs/ChangeSensorStateResponse.h, /home/amishsqrrob/uuv_simulator/devel/include/uuv_sensor_plugins_ros_msgs/ChangeSensorStateResponse.h)
Linked: (/home/amishsqrrob/uuv_simulator/devel/.private/uuv_sensor_plugins_ros_msgs/lib/pkgconfig/uuv_sensor_plugins_ros_msgs.pc, /home/amishsqrrob/uuv_simulator/devel/lib/pkgconfig/uuv_sensor_plugins_ros_msgs.pc)
Linked: (/home/amishsqrrob/uuv_simulator/devel/.private/uuv_sensor_plugins_ros_msgs/lib/python2.7/dist-packages/uuv_sensor_plugins_ros_msgs/__init__.py, /home/amishsqrrob/uuv_simulator/devel/lib/python2.7/dist-packages/uuv_sensor_plugins_ros_msgs/__init__.py)
Linked: (/home/amishsqrrob/uuv_simulator/devel/.private/uuv_sensor_plugins_ros_msgs/lib/python2.7/dist-packages/uuv_sensor_plugins_ros_msgs/msg/_PositionWithCovarianceStamped.py, /home/amishsqrrob/uuv_simulator/devel/lib/python2.7/dist-packages/uuv_sensor_plugins_ros_msgs/msg/_PositionWithCovarianceStamped.py)
Linked: (/home/amishsqrrob/uuv_simulator/devel/.private/uuv_sensor_plugins_ros_msgs/lib/python2.7/dist-packages/uuv_sensor_plugins_ros_msgs/msg/__init__.py, /home/amishsqrrob/uuv_simulator/devel/lib/python2.7/dist-packages/uuv_sensor_plugins_ros_msgs/msg/__init__.py)
Linked: (/home/amishsqrrob/uuv_simulator/devel/.private/uuv_sensor_plugins_ros_msgs/lib/python2.7/dist-packages/uuv_sensor_plugins_ros_msgs/msg/_DVLBeam.py, /home/amishsqrrob/uuv_simulator/devel/lib/python2.7/dist-packages/uuv_sensor_plugins_ros_msgs/msg/_DVLBeam.py)
Linked: (/home/amishsqrrob/uuv_simulator/devel/.private/uuv_sensor_plugins_ros_msgs/lib/python2.7/dist-packages/uuv_sensor_plugins_ros_msgs/msg/_PositionWithCovariance.py, /home/amishsqrrob/uuv_simulator/devel/lib/python2.7/dist-packages/uuv_sensor_plugins_ros_msgs/msg/_PositionWithCovariance.py)
Linked: (/home/amishsqrrob/uuv_simulator/devel/.private/uuv_sensor_plugins_ros_msgs/lib/python2.7/dist-packages/uuv_sensor_plugins_ros_msgs/msg/_Salinity.py, /home/amishsqrrob/uuv_simulator/devel/lib/python2.7/dist-packages/uuv_sensor_plugins_ros_msgs/msg/_Salinity.py)
Linked: (/home/amishsqrrob/uuv_simulator/devel/.private/uuv_sensor_plugins_ros_msgs/lib/python2.7/dist-packages/uuv_sensor_plugins_ros_msgs/msg/_DVL.py, /home/amishsqrrob/uuv_simulator/devel/lib/python2.7/dist-packages/uuv_sensor_plugins_ros_msgs/msg/_DVL.py)
Linked: (/home/amishsqrrob/uuv_simulator/devel/.private/uuv_sensor_plugins_ros_msgs/lib/python2.7/dist-packages/uuv_sensor_plugins_ros_msgs/msg/_ChemicalParticleConcentration.py, /home/amishsqrrob/uuv_simulator/devel/lib/python2.7/dist-packages/uuv_sensor_plugins_ros_msgs/msg/_ChemicalParticleConcentration.py)
Linked: (/home/amishsqrrob/uuv_simulator/devel/.private/uuv_sensor_plugins_ros_msgs/lib/python2.7/dist-packages/uuv_sensor_plugins_ros_msgs/srv/__init__.py, /home/amishsqrrob/uuv_simulator/devel/lib/python2.7/dist-packages/uuv_sensor_plugins_ros_msgs/srv/__init__.py)
Linked: (/home/amishsqrrob/uuv_simulator/devel/.private/uuv_sensor_plugins_ros_msgs/lib/python2.7/dist-packages/uuv_sensor_plugins_ros_msgs/srv/_ChangeSensorState.py, /home/amishsqrrob/uuv_simulator/devel/lib/python2.7/dist-packages/uuv_sensor_plugins_ros_msgs/srv/_ChangeSensorState.py)
