Determining if the pthread_create exist failed with the following output:
Change Dir: /home/amishsqrrob/uuv_simulator/build/uuv_gazebo/CMakeFiles/CMakeTmp

Run Build Command:"/usr/bin/make" "cmTC_20ab1/fast"
/usr/bin/make -f CMakeFiles/cmTC_20ab1.dir/build.make CMakeFiles/cmTC_20ab1.dir/build
make[1]: Entering directory '/home/amishsqrrob/uuv_simulator/build/uuv_gazebo/CMakeFiles/CMakeTmp'
Building C object CMakeFiles/cmTC_20ab1.dir/CheckSymbolExists.c.o
/usr/bin/cc     -o CMakeFiles/cmTC_20ab1.dir/CheckSymbolExists.c.o   -c /home/amishsqrrob/uuv_simulator/build/uuv_gazebo/CMakeFiles/CMakeTmp/CheckSymbolExists.c
Linking C executable cmTC_20ab1
/usr/bin/cmake -E cmake_link_script CMakeFiles/cmTC_20ab1.dir/link.txt --verbose=1
/usr/bin/cc       CMakeFiles/cmTC_20ab1.dir/CheckSymbolExists.c.o  -o cmTC_20ab1 -rdynamic 
CMakeFiles/cmTC_20ab1.dir/CheckSymbolExists.c.o: In function `main':
CheckSymbolExists.c:(.text+0x16): undefined reference to `pthread_create'
collect2: error: ld returned 1 exit status
CMakeFiles/cmTC_20ab1.dir/build.make:97: recipe for target 'cmTC_20ab1' failed
make[1]: *** [cmTC_20ab1] Error 1
make[1]: Leaving directory '/home/amishsqrrob/uuv_simulator/build/uuv_gazebo/CMakeFiles/CMakeTmp'
Makefile:126: recipe for target 'cmTC_20ab1/fast' failed
make: *** [cmTC_20ab1/fast] Error 2

File /home/amishsqrrob/uuv_simulator/build/uuv_gazebo/CMakeFiles/CMakeTmp/CheckSymbolExists.c:
/* */
#include <pthread.h>

int main(int argc, char** argv)
{
  (void)argv;
#ifndef pthread_create
  return ((int*)(&pthread_create))[argc];
#else
  (void)argc;
  return 0;
#endif
}

Determining if the function pthread_create exists in the pthreads failed with the following output:
Change Dir: /home/amishsqrrob/uuv_simulator/build/uuv_gazebo/CMakeFiles/CMakeTmp

Run Build Command:"/usr/bin/make" "cmTC_bc6cd/fast"
/usr/bin/make -f CMakeFiles/cmTC_bc6cd.dir/build.make CMakeFiles/cmTC_bc6cd.dir/build
make[1]: Entering directory '/home/amishsqrrob/uuv_simulator/build/uuv_gazebo/CMakeFiles/CMakeTmp'
Building C object CMakeFiles/cmTC_bc6cd.dir/CheckFunctionExists.c.o
/usr/bin/cc    -DCHECK_FUNCTION_EXISTS=pthread_create   -o CMakeFiles/cmTC_bc6cd.dir/CheckFunctionExists.c.o   -c /usr/share/cmake-3.5/Modules/CheckFunctionExists.c
Linking C executable cmTC_bc6cd
/usr/bin/cmake -E cmake_link_script CMakeFiles/cmTC_bc6cd.dir/link.txt --verbose=1
/usr/bin/cc   -DCHECK_FUNCTION_EXISTS=pthread_create    CMakeFiles/cmTC_bc6cd.dir/CheckFunctionExists.c.o  -o cmTC_bc6cd -rdynamic -lpthreads 
/usr/bin/ld: cannot find -lpthreads
collect2: error: ld returned 1 exit status
CMakeFiles/cmTC_bc6cd.dir/build.make:97: recipe for target 'cmTC_bc6cd' failed
make[1]: *** [cmTC_bc6cd] Error 1
make[1]: Leaving directory '/home/amishsqrrob/uuv_simulator/build/uuv_gazebo/CMakeFiles/CMakeTmp'
Makefile:126: recipe for target 'cmTC_bc6cd/fast' failed
make: *** [cmTC_bc6cd/fast] Error 2


