Determining if the pthread_create exist failed with the following output:
Change Dir: /home/amishsqrrob/uuv_simulator/build/uuv_manipulators_kinematics/CMakeFiles/CMakeTmp

Run Build Command:"/usr/bin/make" "cmTC_94f4d/fast"
/usr/bin/make -f CMakeFiles/cmTC_94f4d.dir/build.make CMakeFiles/cmTC_94f4d.dir/build
make[1]: Entering directory '/home/amishsqrrob/uuv_simulator/build/uuv_manipulators_kinematics/CMakeFiles/CMakeTmp'
Building C object CMakeFiles/cmTC_94f4d.dir/CheckSymbolExists.c.o
/usr/bin/cc     -o CMakeFiles/cmTC_94f4d.dir/CheckSymbolExists.c.o   -c /home/amishsqrrob/uuv_simulator/build/uuv_manipulators_kinematics/CMakeFiles/CMakeTmp/CheckSymbolExists.c
Linking C executable cmTC_94f4d
/usr/bin/cmake -E cmake_link_script CMakeFiles/cmTC_94f4d.dir/link.txt --verbose=1
/usr/bin/cc       CMakeFiles/cmTC_94f4d.dir/CheckSymbolExists.c.o  -o cmTC_94f4d -rdynamic 
CMakeFiles/cmTC_94f4d.dir/CheckSymbolExists.c.o: In function `main':
CheckSymbolExists.c:(.text+0x16): undefined reference to `pthread_create'
collect2: error: ld returned 1 exit status
CMakeFiles/cmTC_94f4d.dir/build.make:97: recipe for target 'cmTC_94f4d' failed
make[1]: *** [cmTC_94f4d] Error 1
make[1]: Leaving directory '/home/amishsqrrob/uuv_simulator/build/uuv_manipulators_kinematics/CMakeFiles/CMakeTmp'
Makefile:126: recipe for target 'cmTC_94f4d/fast' failed
make: *** [cmTC_94f4d/fast] Error 2

File /home/amishsqrrob/uuv_simulator/build/uuv_manipulators_kinematics/CMakeFiles/CMakeTmp/CheckSymbolExists.c:
/* */
#include <pthread.h>

int main(int argc, char** argv)
{
  (void)argv;
#ifndef pthread_create
  return ((int*)(&pthread_create))[argc];
#else
  (void)argc;
  return 0;
#endif
}

Determining if the function pthread_create exists in the pthreads failed with the following output:
Change Dir: /home/amishsqrrob/uuv_simulator/build/uuv_manipulators_kinematics/CMakeFiles/CMakeTmp

Run Build Command:"/usr/bin/make" "cmTC_1cf65/fast"
/usr/bin/make -f CMakeFiles/cmTC_1cf65.dir/build.make CMakeFiles/cmTC_1cf65.dir/build
make[1]: Entering directory '/home/amishsqrrob/uuv_simulator/build/uuv_manipulators_kinematics/CMakeFiles/CMakeTmp'
Building C object CMakeFiles/cmTC_1cf65.dir/CheckFunctionExists.c.o
/usr/bin/cc    -DCHECK_FUNCTION_EXISTS=pthread_create   -o CMakeFiles/cmTC_1cf65.dir/CheckFunctionExists.c.o   -c /usr/share/cmake-3.5/Modules/CheckFunctionExists.c
Linking C executable cmTC_1cf65
/usr/bin/cmake -E cmake_link_script CMakeFiles/cmTC_1cf65.dir/link.txt --verbose=1
/usr/bin/cc   -DCHECK_FUNCTION_EXISTS=pthread_create    CMakeFiles/cmTC_1cf65.dir/CheckFunctionExists.c.o  -o cmTC_1cf65 -rdynamic -lpthreads 
/usr/bin/ld: cannot find -lpthreads
collect2: error: ld returned 1 exit status
CMakeFiles/cmTC_1cf65.dir/build.make:97: recipe for target 'cmTC_1cf65' failed
make[1]: *** [cmTC_1cf65] Error 1
make[1]: Leaving directory '/home/amishsqrrob/uuv_simulator/build/uuv_manipulators_kinematics/CMakeFiles/CMakeTmp'
Makefile:126: recipe for target 'cmTC_1cf65/fast' failed
make: *** [cmTC_1cf65/fast] Error 2


