[  0%] Built target nav_msgs_generate_messages_py
[  0%] Built target actionlib_msgs_generate_messages_lisp
[ 21%] Built target uuv_sensor_gazebo_msgs
[ 21%] Built target actionlib_generate_messages_nodejs
[ 21%] Built target actionlib_msgs_generate_messages_cpp
[ 21%] Built target sensor_msgs_generate_messages_eus
[ 21%] Built target actionlib_generate_messages_lisp
[ 21%] Built target uuv_sensor_plugins_ros_msgs_generate_messages_py
[ 21%] Built target actionlib_msgs_generate_messages_nodejs
[ 21%] Built target actionlib_msgs_generate_messages_eus
[ 21%] Built target tf2_msgs_generate_messages_py
[ 21%] Built target tf_generate_messages_py
[ 21%] Built target roscpp_generate_messages_py
[ 21%] Built target actionlib_generate_messages_cpp
[ 21%] Built target tf_generate_messages_lisp
[ 21%] Built target rosgraph_msgs_generate_messages_py
[ 21%] Built target rosgraph_msgs_generate_messages_nodejs
[ 21%] Built target gazebo_msgs_generate_messages_eus
[ 21%] Built target std_srvs_generate_messages_eus
[ 21%] Built target sensor_msgs_generate_messages_lisp
[ 21%] Built target gazebo_msgs_generate_messages_lisp
[ 21%] Built target uuv_sensor_plugins_ros_msgs_generate_messages_lisp
[ 21%] Built target sensor_msgs_generate_messages_cpp
[ 21%] Built target std_msgs_generate_messages_nodejs
[ 21%] Built target tf_generate_messages_cpp
[ 21%] Built target gazebo_msgs_generate_messages_cpp
[ 21%] Built target gazebo_msgs_generate_messages_nodejs
[ 21%] Built target tf_generate_messages_eus
[ 21%] Built target sensor_msgs_generate_messages_py
[ 21%] Built target roscpp_generate_messages_nodejs
[ 21%] Built target std_srvs_generate_messages_nodejs
[ 21%] Built target std_msgs_generate_messages_cpp
[ 21%] Built target sensor_msgs_generate_messages_nodejs
[ 21%] Built target geometry_msgs_generate_messages_cpp
[ 21%] Built target trajectory_msgs_generate_messages_cpp
[ 21%] Built target tf2_msgs_generate_messages_cpp
[ 21%] Built target rosgraph_msgs_generate_messages_cpp
[ 21%] Built target actionlib_msgs_generate_messages_py
[ 21%] Built target roscpp_generate_messages_cpp
[ 21%] Built target nodelet_generate_messages_py
[ 21%] Built target rosgraph_msgs_generate_messages_eus
[ 21%] Built target std_msgs_generate_messages_lisp
[ 21%] Built target std_msgs_generate_messages_py
[ 21%] Built target geometry_msgs_generate_messages_py
[ 21%] Built target geometry_msgs_generate_messages_lisp
[ 21%] Built target std_srvs_generate_messages_lisp
[ 21%] Built target bond_generate_messages_py
[ 21%] Built target geometry_msgs_generate_messages_nodejs
[ 21%] Built target geometry_msgs_generate_messages_eus
[ 21%] Built target roscpp_generate_messages_lisp
[ 21%] Built target actionlib_generate_messages_eus
[ 21%] Built target std_msgs_generate_messages_eus
[ 21%] Built target tf_generate_messages_nodejs
[ 21%] Built target std_srvs_generate_messages_py
[ 21%] Built target roscpp_generate_messages_eus
[ 21%] Built target bond_generate_messages_eus
[ 21%] Built target uuv_sensor_plugins_ros_msgs_generate_messages_nodejs
[ 21%] Built target nodelet_generate_messages_cpp
[ 21%] Built target tf2_msgs_generate_messages_nodejs
[ 21%] Built target nodelet_generate_messages_eus
[ 21%] Built target std_srvs_generate_messages_cpp
[ 21%] Built target gazebo_plugins_gencfg
[ 21%] Built target gazebo_msgs_generate_messages_py
[ 21%] Built target trajectory_msgs_generate_messages_lisp
[ 21%] Built target trajectory_msgs_generate_messages_nodejs
[ 21%] Built target trajectory_msgs_generate_messages_eus
[ 21%] Built target trajectory_msgs_generate_messages_py
[ 21%] Built target nodelet_generate_messages_nodejs
[ 21%] Built target nodelet_generate_messages_lisp
[ 21%] Built target bond_generate_messages_cpp
[ 21%] Built target tf2_msgs_generate_messages_lisp
[ 21%] Built target bond_generate_messages_lisp
[ 21%] Built target nav_msgs_generate_messages_cpp
[ 21%] Built target tf2_msgs_generate_messages_eus
[ 21%] Built target nav_msgs_generate_messages_eus
[ 21%] Built target nav_msgs_generate_messages_lisp
[ 21%] Built target nav_msgs_generate_messages_nodejs
[ 21%] Built target dynamic_reconfigure_generate_messages_eus
[ 21%] Built target bond_generate_messages_nodejs
[ 21%] Built target dynamic_reconfigure_generate_messages_cpp
[ 21%] Built target dynamic_reconfigure_generate_messages_lisp
[ 21%] Built target actionlib_generate_messages_py
[ 21%] Built target dynamic_reconfigure_generate_messages_nodejs
[ 21%] Built target dynamic_reconfigure_generate_messages_py
[ 21%] Built target rosgraph_msgs_generate_messages_lisp
[ 21%] Built target uuv_sensor_plugins_ros_msgs_generate_messages_cpp
[ 21%] Built target dynamic_reconfigure_gencfg
[ 21%] Built target uuv_sensor_plugins_ros_msgs_generate_messages_eus
[ 29%] Built target uuv_gazebo_ros_rpt_plugin
[ 37%] Built target uuv_gazebo_ros_cpc_plugin
[ 45%] Built target uuv_gazebo_ros_subsea_pressure_plugin
[ 52%] Built target uuv_gazebo_ros_magnetometer_plugin
[ 60%] Built target uuv_gazebo_ros_dvl_plugin
[ 68%] Built target uuv_gazebo_ros_imu_plugin
[ 76%] Built target uuv_gazebo_ros_gps_plugin
[ 84%] Built target uuv_gazebo_ros_pose_gt_plugin
[ 88%] Built target uuv_gazebo_ros_camera_plugin
[ 94%] Built target uuv_gazebo_ros_base_model_plugin
[100%] Built target uuv_gazebo_ros_base_sensor_plugin
