Determining if the pthread_create exist failed with the following output:
Change Dir: /home/amishsqrrob/uuv_simulator/build/uuv_control_cascaded_pid/CMakeFiles/CMakeTmp

Run Build Command:"/usr/bin/make" "cmTC_0a989/fast"
/usr/bin/make -f CMakeFiles/cmTC_0a989.dir/build.make CMakeFiles/cmTC_0a989.dir/build
make[1]: Entering directory '/home/amishsqrrob/uuv_simulator/build/uuv_control_cascaded_pid/CMakeFiles/CMakeTmp'
Building C object CMakeFiles/cmTC_0a989.dir/CheckSymbolExists.c.o
/usr/bin/cc     -o CMakeFiles/cmTC_0a989.dir/CheckSymbolExists.c.o   -c /home/amishsqrrob/uuv_simulator/build/uuv_control_cascaded_pid/CMakeFiles/CMakeTmp/CheckSymbolExists.c
Linking C executable cmTC_0a989
/usr/bin/cmake -E cmake_link_script CMakeFiles/cmTC_0a989.dir/link.txt --verbose=1
/usr/bin/cc       CMakeFiles/cmTC_0a989.dir/CheckSymbolExists.c.o  -o cmTC_0a989 -rdynamic 
CMakeFiles/cmTC_0a989.dir/CheckSymbolExists.c.o: In function `main':
CheckSymbolExists.c:(.text+0x16): undefined reference to `pthread_create'
collect2: error: ld returned 1 exit status
CMakeFiles/cmTC_0a989.dir/build.make:97: recipe for target 'cmTC_0a989' failed
make[1]: *** [cmTC_0a989] Error 1
make[1]: Leaving directory '/home/amishsqrrob/uuv_simulator/build/uuv_control_cascaded_pid/CMakeFiles/CMakeTmp'
Makefile:126: recipe for target 'cmTC_0a989/fast' failed
make: *** [cmTC_0a989/fast] Error 2

File /home/amishsqrrob/uuv_simulator/build/uuv_control_cascaded_pid/CMakeFiles/CMakeTmp/CheckSymbolExists.c:
/* */
#include <pthread.h>

int main(int argc, char** argv)
{
  (void)argv;
#ifndef pthread_create
  return ((int*)(&pthread_create))[argc];
#else
  (void)argc;
  return 0;
#endif
}

Determining if the function pthread_create exists in the pthreads failed with the following output:
Change Dir: /home/amishsqrrob/uuv_simulator/build/uuv_control_cascaded_pid/CMakeFiles/CMakeTmp

Run Build Command:"/usr/bin/make" "cmTC_2858e/fast"
/usr/bin/make -f CMakeFiles/cmTC_2858e.dir/build.make CMakeFiles/cmTC_2858e.dir/build
make[1]: Entering directory '/home/amishsqrrob/uuv_simulator/build/uuv_control_cascaded_pid/CMakeFiles/CMakeTmp'
Building C object CMakeFiles/cmTC_2858e.dir/CheckFunctionExists.c.o
/usr/bin/cc    -DCHECK_FUNCTION_EXISTS=pthread_create   -o CMakeFiles/cmTC_2858e.dir/CheckFunctionExists.c.o   -c /usr/share/cmake-3.5/Modules/CheckFunctionExists.c
Linking C executable cmTC_2858e
/usr/bin/cmake -E cmake_link_script CMakeFiles/cmTC_2858e.dir/link.txt --verbose=1
/usr/bin/cc   -DCHECK_FUNCTION_EXISTS=pthread_create    CMakeFiles/cmTC_2858e.dir/CheckFunctionExists.c.o  -o cmTC_2858e -rdynamic -lpthreads 
/usr/bin/ld: cannot find -lpthreads
collect2: error: ld returned 1 exit status
CMakeFiles/cmTC_2858e.dir/build.make:97: recipe for target 'cmTC_2858e' failed
make[1]: *** [cmTC_2858e] Error 1
make[1]: Leaving directory '/home/amishsqrrob/uuv_simulator/build/uuv_control_cascaded_pid/CMakeFiles/CMakeTmp'
Makefile:126: recipe for target 'cmTC_2858e/fast' failed
make: *** [cmTC_2858e/fast] Error 2


