Determining if the pthread_create exist failed with the following output:
Change Dir: /home/amishsqrrob/uuv_simulator/build/uuv_manipulators_description/CMakeFiles/CMakeTmp

Run Build Command:"/usr/bin/make" "cmTC_af942/fast"
/usr/bin/make -f CMakeFiles/cmTC_af942.dir/build.make CMakeFiles/cmTC_af942.dir/build
make[1]: Entering directory '/home/amishsqrrob/uuv_simulator/build/uuv_manipulators_description/CMakeFiles/CMakeTmp'
Building C object CMakeFiles/cmTC_af942.dir/CheckSymbolExists.c.o
/usr/bin/cc     -o CMakeFiles/cmTC_af942.dir/CheckSymbolExists.c.o   -c /home/amishsqrrob/uuv_simulator/build/uuv_manipulators_description/CMakeFiles/CMakeTmp/CheckSymbolExists.c
Linking C executable cmTC_af942
/usr/bin/cmake -E cmake_link_script CMakeFiles/cmTC_af942.dir/link.txt --verbose=1
/usr/bin/cc       CMakeFiles/cmTC_af942.dir/CheckSymbolExists.c.o  -o cmTC_af942 -rdynamic 
CMakeFiles/cmTC_af942.dir/CheckSymbolExists.c.o: In function `main':
CheckSymbolExists.c:(.text+0x16): undefined reference to `pthread_create'
collect2: error: ld returned 1 exit status
CMakeFiles/cmTC_af942.dir/build.make:97: recipe for target 'cmTC_af942' failed
make[1]: *** [cmTC_af942] Error 1
make[1]: Leaving directory '/home/amishsqrrob/uuv_simulator/build/uuv_manipulators_description/CMakeFiles/CMakeTmp'
Makefile:126: recipe for target 'cmTC_af942/fast' failed
make: *** [cmTC_af942/fast] Error 2

File /home/amishsqrrob/uuv_simulator/build/uuv_manipulators_description/CMakeFiles/CMakeTmp/CheckSymbolExists.c:
/* */
#include <pthread.h>

int main(int argc, char** argv)
{
  (void)argv;
#ifndef pthread_create
  return ((int*)(&pthread_create))[argc];
#else
  (void)argc;
  return 0;
#endif
}

Determining if the function pthread_create exists in the pthreads failed with the following output:
Change Dir: /home/amishsqrrob/uuv_simulator/build/uuv_manipulators_description/CMakeFiles/CMakeTmp

Run Build Command:"/usr/bin/make" "cmTC_c8b60/fast"
/usr/bin/make -f CMakeFiles/cmTC_c8b60.dir/build.make CMakeFiles/cmTC_c8b60.dir/build
make[1]: Entering directory '/home/amishsqrrob/uuv_simulator/build/uuv_manipulators_description/CMakeFiles/CMakeTmp'
Building C object CMakeFiles/cmTC_c8b60.dir/CheckFunctionExists.c.o
/usr/bin/cc    -DCHECK_FUNCTION_EXISTS=pthread_create   -o CMakeFiles/cmTC_c8b60.dir/CheckFunctionExists.c.o   -c /usr/share/cmake-3.5/Modules/CheckFunctionExists.c
Linking C executable cmTC_c8b60
/usr/bin/cmake -E cmake_link_script CMakeFiles/cmTC_c8b60.dir/link.txt --verbose=1
/usr/bin/cc   -DCHECK_FUNCTION_EXISTS=pthread_create    CMakeFiles/cmTC_c8b60.dir/CheckFunctionExists.c.o  -o cmTC_c8b60 -rdynamic -lpthreads 
/usr/bin/ld: cannot find -lpthreads
collect2: error: ld returned 1 exit status
CMakeFiles/cmTC_c8b60.dir/build.make:97: recipe for target 'cmTC_c8b60' failed
make[1]: *** [cmTC_c8b60] Error 1
make[1]: Leaving directory '/home/amishsqrrob/uuv_simulator/build/uuv_manipulators_description/CMakeFiles/CMakeTmp'
Makefile:126: recipe for target 'cmTC_c8b60/fast' failed
make: *** [cmTC_c8b60/fast] Error 2


