Symlinking /home/amishsqrrob/uuv_simulator/devel/share/gennodejs/ros/uuv_gazebo_ros_plugins_msgs/_index.js
Symlinking /home/amishsqrrob/uuv_simulator/devel/share/gennodejs/ros/uuv_gazebo_ros_plugins_msgs/msg/UnderwaterObjectModel.js
Symlinking /home/amishsqrrob/uuv_simulator/devel/share/gennodejs/ros/uuv_gazebo_ros_plugins_msgs/msg/FloatStamped.js
Symlinking /home/amishsqrrob/uuv_simulator/devel/share/gennodejs/ros/uuv_gazebo_ros_plugins_msgs/msg/_index.js
Symlinking /home/amishsqrrob/uuv_simulator/devel/share/gennodejs/ros/uuv_gazebo_ros_plugins_msgs/srv/SetUseGlobalCurrentVel.js
Symlinking /home/amishsqrrob/uuv_simulator/devel/share/gennodejs/ros/uuv_gazebo_ros_plugins_msgs/srv/SetThrusterState.js
Symlinking /home/amishsqrrob/uuv_simulator/devel/share/gennodejs/ros/uuv_gazebo_ros_plugins_msgs/srv/GetThrusterEfficiency.js
Symlinking /home/amishsqrrob/uuv_simulator/devel/share/gennodejs/ros/uuv_gazebo_ros_plugins_msgs/srv/GetFloat.js
Symlinking /home/amishsqrrob/uuv_simulator/devel/share/gennodejs/ros/uuv_gazebo_ros_plugins_msgs/srv/_index.js
Symlinking /home/amishsqrrob/uuv_simulator/devel/share/gennodejs/ros/uuv_gazebo_ros_plugins_msgs/srv/GetThrusterState.js
Symlinking /home/amishsqrrob/uuv_simulator/devel/share/gennodejs/ros/uuv_gazebo_ros_plugins_msgs/srv/SetFloat.js
Symlinking /home/amishsqrrob/uuv_simulator/devel/share/gennodejs/ros/uuv_gazebo_ros_plugins_msgs/srv/SetThrusterEfficiency.js
Symlinking /home/amishsqrrob/uuv_simulator/devel/share/gennodejs/ros/uuv_gazebo_ros_plugins_msgs/srv/GetModelProperties.js
Symlinking /home/amishsqrrob/uuv_simulator/devel/share/uuv_gazebo_ros_plugins_msgs/cmake/uuv_gazebo_ros_plugins_msgsConfig-version.cmake
Symlinking /home/amishsqrrob/uuv_simulator/devel/share/uuv_gazebo_ros_plugins_msgs/cmake/uuv_gazebo_ros_plugins_msgsConfig.cmake
Symlinking /home/amishsqrrob/uuv_simulator/devel/share/uuv_gazebo_ros_plugins_msgs/cmake/uuv_gazebo_ros_plugins_msgs-msg-paths.cmake
Symlinking /home/amishsqrrob/uuv_simulator/devel/share/uuv_gazebo_ros_plugins_msgs/cmake/uuv_gazebo_ros_plugins_msgs-msg-extras.cmake
Symlinking /home/amishsqrrob/uuv_simulator/devel/share/roseus/ros/uuv_gazebo_ros_plugins_msgs/manifest.l
Symlinking /home/amishsqrrob/uuv_simulator/devel/share/roseus/ros/uuv_gazebo_ros_plugins_msgs/msg/FloatStamped.l
Symlinking /home/amishsqrrob/uuv_simulator/devel/share/roseus/ros/uuv_gazebo_ros_plugins_msgs/msg/UnderwaterObjectModel.l
Symlinking /home/amishsqrrob/uuv_simulator/devel/share/roseus/ros/uuv_gazebo_ros_plugins_msgs/srv/SetThrusterEfficiency.l
Symlinking /home/amishsqrrob/uuv_simulator/devel/share/roseus/ros/uuv_gazebo_ros_plugins_msgs/srv/SetThrusterState.l
Symlinking /home/amishsqrrob/uuv_simulator/devel/share/roseus/ros/uuv_gazebo_ros_plugins_msgs/srv/GetFloat.l
Symlinking /home/amishsqrrob/uuv_simulator/devel/share/roseus/ros/uuv_gazebo_ros_plugins_msgs/srv/SetUseGlobalCurrentVel.l
Symlinking /home/amishsqrrob/uuv_simulator/devel/share/roseus/ros/uuv_gazebo_ros_plugins_msgs/srv/GetThrusterState.l
Symlinking /home/amishsqrrob/uuv_simulator/devel/share/roseus/ros/uuv_gazebo_ros_plugins_msgs/srv/SetFloat.l
Symlinking /home/amishsqrrob/uuv_simulator/devel/share/roseus/ros/uuv_gazebo_ros_plugins_msgs/srv/GetModelProperties.l
Symlinking /home/amishsqrrob/uuv_simulator/devel/share/roseus/ros/uuv_gazebo_ros_plugins_msgs/srv/GetThrusterEfficiency.l
Symlinking /home/amishsqrrob/uuv_simulator/devel/share/common-lisp/ros/uuv_gazebo_ros_plugins_msgs/msg/_package_FloatStamped.lisp
Symlinking /home/amishsqrrob/uuv_simulator/devel/share/common-lisp/ros/uuv_gazebo_ros_plugins_msgs/msg/UnderwaterObjectModel.lisp
Symlinking /home/amishsqrrob/uuv_simulator/devel/share/common-lisp/ros/uuv_gazebo_ros_plugins_msgs/msg/uuv_gazebo_ros_plugins_msgs-msg.asd
Symlinking /home/amishsqrrob/uuv_simulator/devel/share/common-lisp/ros/uuv_gazebo_ros_plugins_msgs/msg/FloatStamped.lisp
Symlinking /home/amishsqrrob/uuv_simulator/devel/share/common-lisp/ros/uuv_gazebo_ros_plugins_msgs/msg/_package_UnderwaterObjectModel.lisp
Symlinking /home/amishsqrrob/uuv_simulator/devel/share/common-lisp/ros/uuv_gazebo_ros_plugins_msgs/msg/_package.lisp
Symlinking /home/amishsqrrob/uuv_simulator/devel/share/common-lisp/ros/uuv_gazebo_ros_plugins_msgs/srv/_package_SetThrusterEfficiency.lisp
Symlinking /home/amishsqrrob/uuv_simulator/devel/share/common-lisp/ros/uuv_gazebo_ros_plugins_msgs/srv/GetFloat.lisp
Symlinking /home/amishsqrrob/uuv_simulator/devel/share/common-lisp/ros/uuv_gazebo_ros_plugins_msgs/srv/SetThrusterEfficiency.lisp
Symlinking /home/amishsqrrob/uuv_simulator/devel/share/common-lisp/ros/uuv_gazebo_ros_plugins_msgs/srv/_package_GetFloat.lisp
Symlinking /home/amishsqrrob/uuv_simulator/devel/share/common-lisp/ros/uuv_gazebo_ros_plugins_msgs/srv/_package_GetThrusterEfficiency.lisp
Symlinking /home/amishsqrrob/uuv_simulator/devel/share/common-lisp/ros/uuv_gazebo_ros_plugins_msgs/srv/SetUseGlobalCurrentVel.lisp
Symlinking /home/amishsqrrob/uuv_simulator/devel/share/common-lisp/ros/uuv_gazebo_ros_plugins_msgs/srv/uuv_gazebo_ros_plugins_msgs-srv.asd
Symlinking /home/amishsqrrob/uuv_simulator/devel/share/common-lisp/ros/uuv_gazebo_ros_plugins_msgs/srv/SetFloat.lisp
Symlinking /home/amishsqrrob/uuv_simulator/devel/share/common-lisp/ros/uuv_gazebo_ros_plugins_msgs/srv/SetThrusterState.lisp
Symlinking /home/amishsqrrob/uuv_simulator/devel/share/common-lisp/ros/uuv_gazebo_ros_plugins_msgs/srv/GetModelProperties.lisp
Symlinking /home/amishsqrrob/uuv_simulator/devel/share/common-lisp/ros/uuv_gazebo_ros_plugins_msgs/srv/GetThrusterState.lisp
Symlinking /home/amishsqrrob/uuv_simulator/devel/share/common-lisp/ros/uuv_gazebo_ros_plugins_msgs/srv/_package_SetFloat.lisp
Symlinking /home/amishsqrrob/uuv_simulator/devel/share/common-lisp/ros/uuv_gazebo_ros_plugins_msgs/srv/_package_GetThrusterState.lisp
Symlinking /home/amishsqrrob/uuv_simulator/devel/share/common-lisp/ros/uuv_gazebo_ros_plugins_msgs/srv/GetThrusterEfficiency.lisp
Symlinking /home/amishsqrrob/uuv_simulator/devel/share/common-lisp/ros/uuv_gazebo_ros_plugins_msgs/srv/_package_GetModelProperties.lisp
Symlinking /home/amishsqrrob/uuv_simulator/devel/share/common-lisp/ros/uuv_gazebo_ros_plugins_msgs/srv/_package_SetThrusterState.lisp
Symlinking /home/amishsqrrob/uuv_simulator/devel/share/common-lisp/ros/uuv_gazebo_ros_plugins_msgs/srv/_package_SetUseGlobalCurrentVel.lisp
Symlinking /home/amishsqrrob/uuv_simulator/devel/share/common-lisp/ros/uuv_gazebo_ros_plugins_msgs/srv/_package.lisp
Symlinking /home/amishsqrrob/uuv_simulator/devel/include/uuv_gazebo_ros_plugins_msgs/SetThrusterState.h
Symlinking /home/amishsqrrob/uuv_simulator/devel/include/uuv_gazebo_ros_plugins_msgs/SetThrusterStateRequest.h
Symlinking /home/amishsqrrob/uuv_simulator/devel/include/uuv_gazebo_ros_plugins_msgs/SetFloatRequest.h
Symlinking /home/amishsqrrob/uuv_simulator/devel/include/uuv_gazebo_ros_plugins_msgs/GetModelProperties.h
Symlinking /home/amishsqrrob/uuv_simulator/devel/include/uuv_gazebo_ros_plugins_msgs/SetFloatResponse.h
Symlinking /home/amishsqrrob/uuv_simulator/devel/include/uuv_gazebo_ros_plugins_msgs/SetUseGlobalCurrentVelRequest.h
Symlinking /home/amishsqrrob/uuv_simulator/devel/include/uuv_gazebo_ros_plugins_msgs/SetUseGlobalCurrentVelResponse.h
Symlinking /home/amishsqrrob/uuv_simulator/devel/include/uuv_gazebo_ros_plugins_msgs/SetFloat.h
Symlinking /home/amishsqrrob/uuv_simulator/devel/include/uuv_gazebo_ros_plugins_msgs/GetThrusterEfficiencyRequest.h
Symlinking /home/amishsqrrob/uuv_simulator/devel/include/uuv_gazebo_ros_plugins_msgs/GetFloat.h
Symlinking /home/amishsqrrob/uuv_simulator/devel/include/uuv_gazebo_ros_plugins_msgs/SetUseGlobalCurrentVel.h
Symlinking /home/amishsqrrob/uuv_simulator/devel/include/uuv_gazebo_ros_plugins_msgs/GetThrusterEfficiency.h
Symlinking /home/amishsqrrob/uuv_simulator/devel/include/uuv_gazebo_ros_plugins_msgs/GetModelPropertiesRequest.h
Symlinking /home/amishsqrrob/uuv_simulator/devel/include/uuv_gazebo_ros_plugins_msgs/SetThrusterStateResponse.h
Symlinking /home/amishsqrrob/uuv_simulator/devel/include/uuv_gazebo_ros_plugins_msgs/UnderwaterObjectModel.h
Symlinking /home/amishsqrrob/uuv_simulator/devel/include/uuv_gazebo_ros_plugins_msgs/SetThrusterEfficiency.h
Symlinking /home/amishsqrrob/uuv_simulator/devel/include/uuv_gazebo_ros_plugins_msgs/GetThrusterStateResponse.h
Symlinking /home/amishsqrrob/uuv_simulator/devel/include/uuv_gazebo_ros_plugins_msgs/FloatStamped.h
Symlinking /home/amishsqrrob/uuv_simulator/devel/include/uuv_gazebo_ros_plugins_msgs/GetThrusterStateRequest.h
Symlinking /home/amishsqrrob/uuv_simulator/devel/include/uuv_gazebo_ros_plugins_msgs/GetFloatResponse.h
Symlinking /home/amishsqrrob/uuv_simulator/devel/include/uuv_gazebo_ros_plugins_msgs/SetThrusterEfficiencyRequest.h
Symlinking /home/amishsqrrob/uuv_simulator/devel/include/uuv_gazebo_ros_plugins_msgs/SetThrusterEfficiencyResponse.h
Symlinking /home/amishsqrrob/uuv_simulator/devel/include/uuv_gazebo_ros_plugins_msgs/GetModelPropertiesResponse.h
Symlinking /home/amishsqrrob/uuv_simulator/devel/include/uuv_gazebo_ros_plugins_msgs/GetThrusterEfficiencyResponse.h
Symlinking /home/amishsqrrob/uuv_simulator/devel/include/uuv_gazebo_ros_plugins_msgs/GetThrusterState.h
Symlinking /home/amishsqrrob/uuv_simulator/devel/include/uuv_gazebo_ros_plugins_msgs/GetFloatRequest.h
Symlinking /home/amishsqrrob/uuv_simulator/devel/lib/pkgconfig/uuv_gazebo_ros_plugins_msgs.pc
Symlinking /home/amishsqrrob/uuv_simulator/devel/lib/python2.7/dist-packages/uuv_gazebo_ros_plugins_msgs/__init__.py
Symlinking /home/amishsqrrob/uuv_simulator/devel/lib/python2.7/dist-packages/uuv_gazebo_ros_plugins_msgs/msg/_FloatStamped.py
Symlinking /home/amishsqrrob/uuv_simulator/devel/lib/python2.7/dist-packages/uuv_gazebo_ros_plugins_msgs/msg/__init__.py
Symlinking /home/amishsqrrob/uuv_simulator/devel/lib/python2.7/dist-packages/uuv_gazebo_ros_plugins_msgs/msg/_UnderwaterObjectModel.py
Symlinking /home/amishsqrrob/uuv_simulator/devel/lib/python2.7/dist-packages/uuv_gazebo_ros_plugins_msgs/srv/_SetFloat.py
Symlinking /home/amishsqrrob/uuv_simulator/devel/lib/python2.7/dist-packages/uuv_gazebo_ros_plugins_msgs/srv/_GetThrusterState.py
Symlinking /home/amishsqrrob/uuv_simulator/devel/lib/python2.7/dist-packages/uuv_gazebo_ros_plugins_msgs/srv/__init__.py
Symlinking /home/amishsqrrob/uuv_simulator/devel/lib/python2.7/dist-packages/uuv_gazebo_ros_plugins_msgs/srv/_SetUseGlobalCurrentVel.py
Symlinking /home/amishsqrrob/uuv_simulator/devel/lib/python2.7/dist-packages/uuv_gazebo_ros_plugins_msgs/srv/_GetThrusterEfficiency.py
Symlinking /home/amishsqrrob/uuv_simulator/devel/lib/python2.7/dist-packages/uuv_gazebo_ros_plugins_msgs/srv/_GetFloat.py
Symlinking /home/amishsqrrob/uuv_simulator/devel/lib/python2.7/dist-packages/uuv_gazebo_ros_plugins_msgs/srv/_GetModelProperties.py
Symlinking /home/amishsqrrob/uuv_simulator/devel/lib/python2.7/dist-packages/uuv_gazebo_ros_plugins_msgs/srv/_SetThrusterEfficiency.py
Symlinking /home/amishsqrrob/uuv_simulator/devel/lib/python2.7/dist-packages/uuv_gazebo_ros_plugins_msgs/srv/_SetThrusterState.py
