[35m[1mScanning dependencies of target _uuv_gazebo_ros_plugins_msgs_generate_messages_check_deps_SetUseGlobalCurrentVel[0m
[  0%] Built target _uuv_gazebo_ros_plugins_msgs_generate_messages_check_deps_SetUseGlobalCurrentVel
[35m[1mScanning dependencies of target _uuv_gazebo_ros_plugins_msgs_generate_messages_check_deps_SetFloat[0m
[  0%] Built target _uuv_gazebo_ros_plugins_msgs_generate_messages_check_deps_SetFloat
[35m[1mScanning dependencies of target _uuv_gazebo_ros_plugins_msgs_generate_messages_check_deps_SetThrusterEfficiency[0m
[  0%] Built target _uuv_gazebo_ros_plugins_msgs_generate_messages_check_deps_SetThrusterEfficiency
[35m[1mScanning dependencies of target _uuv_gazebo_ros_plugins_msgs_generate_messages_check_deps_GetFloat[0m
[  0%] Built target _uuv_gazebo_ros_plugins_msgs_generate_messages_check_deps_GetFloat
[35m[1mScanning dependencies of target _uuv_gazebo_ros_plugins_msgs_generate_messages_check_deps_GetThrusterEfficiency[0m
[  0%] Built target _uuv_gazebo_ros_plugins_msgs_generate_messages_check_deps_GetThrusterEfficiency
[35m[1mScanning dependencies of target geometry_msgs_generate_messages_py[0m
[  0%] Built target geometry_msgs_generate_messages_py
[35m[1mScanning dependencies of target std_msgs_generate_messages_py[0m
[  0%] Built target std_msgs_generate_messages_py
[35m[1mScanning dependencies of target _uuv_gazebo_ros_plugins_msgs_generate_messages_check_deps_GetModelProperties[0m
[  0%] Built target _uuv_gazebo_ros_plugins_msgs_generate_messages_check_deps_GetModelProperties
[35m[1mScanning dependencies of target _uuv_gazebo_ros_plugins_msgs_generate_messages_check_deps_SetThrusterState[0m
[  0%] Built target _uuv_gazebo_ros_plugins_msgs_generate_messages_check_deps_SetThrusterState
[35m[1mScanning dependencies of target _uuv_gazebo_ros_plugins_msgs_generate_messages_check_deps_FloatStamped[0m
[  0%] Built target _uuv_gazebo_ros_plugins_msgs_generate_messages_check_deps_FloatStamped
[35m[1mScanning dependencies of target _uuv_gazebo_ros_plugins_msgs_generate_messages_check_deps_GetThrusterState[0m
[  0%] Built target _uuv_gazebo_ros_plugins_msgs_generate_messages_check_deps_GetThrusterState
[35m[1mScanning dependencies of target _uuv_gazebo_ros_plugins_msgs_generate_messages_check_deps_UnderwaterObjectModel[0m
[  0%] Built target _uuv_gazebo_ros_plugins_msgs_generate_messages_check_deps_UnderwaterObjectModel
[35m[1mScanning dependencies of target std_msgs_generate_messages_eus[0m
[  0%] Built target std_msgs_generate_messages_eus
[35m[1mScanning dependencies of target geometry_msgs_generate_messages_eus[0m
[  0%] Built target geometry_msgs_generate_messages_eus
[35m[1mScanning dependencies of target std_msgs_generate_messages_lisp[0m
[  0%] Built target std_msgs_generate_messages_lisp
[35m[1mScanning dependencies of target geometry_msgs_generate_messages_lisp[0m
[  0%] Built target geometry_msgs_generate_messages_lisp
[35m[1mScanning dependencies of target std_msgs_generate_messages_cpp[0m
[  0%] Built target std_msgs_generate_messages_cpp
[35m[1mScanning dependencies of target geometry_msgs_generate_messages_cpp[0m
[  0%] Built target geometry_msgs_generate_messages_cpp
[35m[1mScanning dependencies of target std_msgs_generate_messages_nodejs[0m
[  0%] Built target std_msgs_generate_messages_nodejs
[35m[1mScanning dependencies of target geometry_msgs_generate_messages_nodejs[0m
[  0%] Built target geometry_msgs_generate_messages_nodejs
[35m[1mScanning dependencies of target uuv_gazebo_ros_plugins_msgs_generate_messages_py[0m
[  1%] [34m[1mGenerating Python from MSG uuv_gazebo_ros_plugins_msgs/FloatStamped[0m
[  3%] [34m[1mGenerating Python from MSG uuv_gazebo_ros_plugins_msgs/UnderwaterObjectModel[0m
[  5%] [34m[1mGenerating Python code from SRV uuv_gazebo_ros_plugins_msgs/SetThrusterState[0m
[  7%] [34m[1mGenerating Python code from SRV uuv_gazebo_ros_plugins_msgs/SetFloat[0m
[  9%] [34m[1mGenerating Python code from SRV uuv_gazebo_ros_plugins_msgs/GetThrusterState[0m
[ 11%] [34m[1mGenerating Python code from SRV uuv_gazebo_ros_plugins_msgs/GetFloat[0m
[ 13%] [34m[1mGenerating Python code from SRV uuv_gazebo_ros_plugins_msgs/GetThrusterEfficiency[0m
[ 15%] [34m[1mGenerating Python code from SRV uuv_gazebo_ros_plugins_msgs/SetUseGlobalCurrentVel[0m
[ 16%] [34m[1mGenerating Python code from SRV uuv_gazebo_ros_plugins_msgs/SetThrusterEfficiency[0m
[ 18%] [34m[1mGenerating Python code from SRV uuv_gazebo_ros_plugins_msgs/GetModelProperties[0m
[ 20%] [34m[1mGenerating Python msg __init__.py for uuv_gazebo_ros_plugins_msgs[0m
[ 22%] [34m[1mGenerating Python srv __init__.py for uuv_gazebo_ros_plugins_msgs[0m
[ 22%] Built target uuv_gazebo_ros_plugins_msgs_generate_messages_py
[35m[1mScanning dependencies of target uuv_gazebo_ros_plugins_msgs_generate_messages_eus[0m
[ 24%] [34m[1mGenerating EusLisp code from uuv_gazebo_ros_plugins_msgs/FloatStamped.msg[0m
[ 26%] [34m[1mGenerating EusLisp code from uuv_gazebo_ros_plugins_msgs/UnderwaterObjectModel.msg[0m
[ 28%] [34m[1mGenerating EusLisp code from uuv_gazebo_ros_plugins_msgs/SetThrusterState.srv[0m
[ 30%] [34m[1mGenerating EusLisp code from uuv_gazebo_ros_plugins_msgs/SetFloat.srv[0m
[ 32%] [34m[1mGenerating EusLisp code from uuv_gazebo_ros_plugins_msgs/GetThrusterState.srv[0m
[ 33%] [34m[1mGenerating EusLisp code from uuv_gazebo_ros_plugins_msgs/GetFloat.srv[0m
[ 35%] [34m[1mGenerating EusLisp code from uuv_gazebo_ros_plugins_msgs/GetThrusterEfficiency.srv[0m
[ 37%] [34m[1mGenerating EusLisp code from uuv_gazebo_ros_plugins_msgs/SetUseGlobalCurrentVel.srv[0m
[ 39%] [34m[1mGenerating EusLisp code from uuv_gazebo_ros_plugins_msgs/SetThrusterEfficiency.srv[0m
[ 41%] [34m[1mGenerating EusLisp code from uuv_gazebo_ros_plugins_msgs/GetModelProperties.srv[0m
[ 43%] [34m[1mGenerating EusLisp manifest code for uuv_gazebo_ros_plugins_msgs[0m
[ 43%] Built target uuv_gazebo_ros_plugins_msgs_generate_messages_eus
[35m[1mScanning dependencies of target uuv_gazebo_ros_plugins_msgs_generate_messages_lisp[0m
[ 45%] [34m[1mGenerating Lisp code from uuv_gazebo_ros_plugins_msgs/FloatStamped.msg[0m
[ 47%] [34m[1mGenerating Lisp code from uuv_gazebo_ros_plugins_msgs/UnderwaterObjectModel.msg[0m
[ 49%] [34m[1mGenerating Lisp code from uuv_gazebo_ros_plugins_msgs/SetThrusterState.srv[0m
[ 50%] [34m[1mGenerating Lisp code from uuv_gazebo_ros_plugins_msgs/SetFloat.srv[0m
[ 52%] [34m[1mGenerating Lisp code from uuv_gazebo_ros_plugins_msgs/GetThrusterState.srv[0m
[ 54%] [34m[1mGenerating Lisp code from uuv_gazebo_ros_plugins_msgs/GetFloat.srv[0m
[ 56%] [34m[1mGenerating Lisp code from uuv_gazebo_ros_plugins_msgs/GetThrusterEfficiency.srv[0m
[ 58%] [34m[1mGenerating Lisp code from uuv_gazebo_ros_plugins_msgs/SetUseGlobalCurrentVel.srv[0m
[ 60%] [34m[1mGenerating Lisp code from uuv_gazebo_ros_plugins_msgs/SetThrusterEfficiency.srv[0m
[ 62%] [34m[1mGenerating Lisp code from uuv_gazebo_ros_plugins_msgs/GetModelProperties.srv[0m
[ 62%] Built target uuv_gazebo_ros_plugins_msgs_generate_messages_lisp
[35m[1mScanning dependencies of target uuv_gazebo_ros_plugins_msgs_generate_messages_cpp[0m
[ 64%] [34m[1mGenerating C++ code from uuv_gazebo_ros_plugins_msgs/FloatStamped.msg[0m
[ 66%] [34m[1mGenerating C++ code from uuv_gazebo_ros_plugins_msgs/UnderwaterObjectModel.msg[0m
[ 67%] [34m[1mGenerating C++ code from uuv_gazebo_ros_plugins_msgs/SetThrusterState.srv[0m
[ 69%] [34m[1mGenerating C++ code from uuv_gazebo_ros_plugins_msgs/SetFloat.srv[0m
[ 71%] [34m[1mGenerating C++ code from uuv_gazebo_ros_plugins_msgs/GetThrusterState.srv[0m
[ 73%] [34m[1mGenerating C++ code from uuv_gazebo_ros_plugins_msgs/GetFloat.srv[0m
[ 75%] [34m[1mGenerating C++ code from uuv_gazebo_ros_plugins_msgs/GetThrusterEfficiency.srv[0m
[ 77%] [34m[1mGenerating C++ code from uuv_gazebo_ros_plugins_msgs/SetUseGlobalCurrentVel.srv[0m
[ 79%] [34m[1mGenerating C++ code from uuv_gazebo_ros_plugins_msgs/SetThrusterEfficiency.srv[0m
[ 81%] [34m[1mGenerating C++ code from uuv_gazebo_ros_plugins_msgs/GetModelProperties.srv[0m
[ 81%] Built target uuv_gazebo_ros_plugins_msgs_generate_messages_cpp
[35m[1mScanning dependencies of target uuv_gazebo_ros_plugins_msgs_generate_messages_nodejs[0m
[ 83%] [34m[1mGenerating Javascript code from uuv_gazebo_ros_plugins_msgs/FloatStamped.msg[0m
[ 84%] [34m[1mGenerating Javascript code from uuv_gazebo_ros_plugins_msgs/UnderwaterObjectModel.msg[0m
[ 86%] [34m[1mGenerating Javascript code from uuv_gazebo_ros_plugins_msgs/SetThrusterState.srv[0m
[ 88%] [34m[1mGenerating Javascript code from uuv_gazebo_ros_plugins_msgs/SetFloat.srv[0m
[ 90%] [34m[1mGenerating Javascript code from uuv_gazebo_ros_plugins_msgs/GetThrusterState.srv[0m
[ 92%] [34m[1mGenerating Javascript code from uuv_gazebo_ros_plugins_msgs/GetFloat.srv[0m
[ 94%] [34m[1mGenerating Javascript code from uuv_gazebo_ros_plugins_msgs/GetThrusterEfficiency.srv[0m
[ 96%] [34m[1mGenerating Javascript code from uuv_gazebo_ros_plugins_msgs/SetUseGlobalCurrentVel.srv[0m
[ 98%] [34m[1mGenerating Javascript code from uuv_gazebo_ros_plugins_msgs/SetThrusterEfficiency.srv[0m
[100%] [34m[1mGenerating Javascript code from uuv_gazebo_ros_plugins_msgs/GetModelProperties.srv[0m
[100%] Built target uuv_gazebo_ros_plugins_msgs_generate_messages_nodejs
[35m[1mScanning dependencies of target uuv_gazebo_ros_plugins_msgs_generate_messages[0m
[100%] Built target uuv_gazebo_ros_plugins_msgs_generate_messages
