Determining if the pthread_create exist failed with the following output:
Change Dir: /home/amishsqrrob/uuv_simulator/build/uuv_world_plugins/CMakeFiles/CMakeTmp

Run Build Command:"/usr/bin/make" "cmTC_390cd/fast"
/usr/bin/make -f CMakeFiles/cmTC_390cd.dir/build.make CMakeFiles/cmTC_390cd.dir/build
make[1]: Entering directory '/home/amishsqrrob/uuv_simulator/build/uuv_world_plugins/CMakeFiles/CMakeTmp'
Building C object CMakeFiles/cmTC_390cd.dir/CheckSymbolExists.c.o
/usr/bin/cc     -o CMakeFiles/cmTC_390cd.dir/CheckSymbolExists.c.o   -c /home/amishsqrrob/uuv_simulator/build/uuv_world_plugins/CMakeFiles/CMakeTmp/CheckSymbolExists.c
Linking C executable cmTC_390cd
/usr/bin/cmake -E cmake_link_script CMakeFiles/cmTC_390cd.dir/link.txt --verbose=1
/usr/bin/cc       CMakeFiles/cmTC_390cd.dir/CheckSymbolExists.c.o  -o cmTC_390cd -rdynamic 
CMakeFiles/cmTC_390cd.dir/CheckSymbolExists.c.o: In function `main':
CheckSymbolExists.c:(.text+0x16): undefined reference to `pthread_create'
collect2: error: ld returned 1 exit status
CMakeFiles/cmTC_390cd.dir/build.make:97: recipe for target 'cmTC_390cd' failed
make[1]: *** [cmTC_390cd] Error 1
make[1]: Leaving directory '/home/amishsqrrob/uuv_simulator/build/uuv_world_plugins/CMakeFiles/CMakeTmp'
Makefile:126: recipe for target 'cmTC_390cd/fast' failed
make: *** [cmTC_390cd/fast] Error 2

File /home/amishsqrrob/uuv_simulator/build/uuv_world_plugins/CMakeFiles/CMakeTmp/CheckSymbolExists.c:
/* */
#include <pthread.h>

int main(int argc, char** argv)
{
  (void)argv;
#ifndef pthread_create
  return ((int*)(&pthread_create))[argc];
#else
  (void)argc;
  return 0;
#endif
}

Determining if the function pthread_create exists in the pthreads failed with the following output:
Change Dir: /home/amishsqrrob/uuv_simulator/build/uuv_world_plugins/CMakeFiles/CMakeTmp

Run Build Command:"/usr/bin/make" "cmTC_725c2/fast"
/usr/bin/make -f CMakeFiles/cmTC_725c2.dir/build.make CMakeFiles/cmTC_725c2.dir/build
make[1]: Entering directory '/home/amishsqrrob/uuv_simulator/build/uuv_world_plugins/CMakeFiles/CMakeTmp'
Building C object CMakeFiles/cmTC_725c2.dir/CheckFunctionExists.c.o
/usr/bin/cc    -DCHECK_FUNCTION_EXISTS=pthread_create   -o CMakeFiles/cmTC_725c2.dir/CheckFunctionExists.c.o   -c /usr/share/cmake-3.5/Modules/CheckFunctionExists.c
Linking C executable cmTC_725c2
/usr/bin/cmake -E cmake_link_script CMakeFiles/cmTC_725c2.dir/link.txt --verbose=1
/usr/bin/cc   -DCHECK_FUNCTION_EXISTS=pthread_create    CMakeFiles/cmTC_725c2.dir/CheckFunctionExists.c.o  -o cmTC_725c2 -rdynamic -lpthreads 
/usr/bin/ld: cannot find -lpthreads
collect2: error: ld returned 1 exit status
CMakeFiles/cmTC_725c2.dir/build.make:97: recipe for target 'cmTC_725c2' failed
make[1]: *** [cmTC_725c2] Error 1
make[1]: Leaving directory '/home/amishsqrrob/uuv_simulator/build/uuv_world_plugins/CMakeFiles/CMakeTmp'
Makefile:126: recipe for target 'cmTC_725c2/fast' failed
make: *** [cmTC_725c2/fast] Error 2


