[35m[1mScanning dependencies of target _uuv_thruster_manager_generate_messages_check_deps_ThrusterManagerInfo[0m
[  0%] Built target _uuv_thruster_manager_generate_messages_check_deps_ThrusterManagerInfo
[35m[1mScanning dependencies of target _uuv_thruster_manager_generate_messages_check_deps_SetThrusterManagerConfig[0m
[  0%] Built target _uuv_thruster_manager_generate_messages_check_deps_SetThrusterManagerConfig
[35m[1mScanning dependencies of target _uuv_thruster_manager_generate_messages_check_deps_GetThrusterManagerConfig[0m
[  0%] Built target _uuv_thruster_manager_generate_messages_check_deps_GetThrusterManagerConfig
[35m[1mScanning dependencies of target std_msgs_generate_messages_nodejs[0m
[  0%] Built target std_msgs_generate_messages_nodejs
[35m[1mScanning dependencies of target _uuv_thruster_manager_generate_messages_check_deps_GetThrusterCurve[0m
[  0%] Built target _uuv_thruster_manager_generate_messages_check_deps_GetThrusterCurve
[35m[1mScanning dependencies of target std_msgs_generate_messages_py[0m
[  0%] Built target std_msgs_generate_messages_py
[35m[1mScanning dependencies of target std_msgs_generate_messages_cpp[0m
[  0%] Built target std_msgs_generate_messages_cpp
[35m[1mScanning dependencies of target std_msgs_generate_messages_eus[0m
[  0%] Built target std_msgs_generate_messages_eus
[35m[1mScanning dependencies of target std_msgs_generate_messages_lisp[0m
[  0%] Built target std_msgs_generate_messages_lisp
[35m[1mScanning dependencies of target uuv_thruster_manager_generate_messages_nodejs[0m
[  4%] [34m[1mGenerating Javascript code from uuv_thruster_manager/GetThrusterCurve.srv[0m
[  9%] [34m[1mGenerating Javascript code from uuv_thruster_manager/GetThrusterManagerConfig.srv[0m
[ 13%] [34m[1mGenerating Javascript code from uuv_thruster_manager/ThrusterManagerInfo.srv[0m
[ 18%] [34m[1mGenerating Javascript code from uuv_thruster_manager/SetThrusterManagerConfig.srv[0m
[ 18%] Built target uuv_thruster_manager_generate_messages_nodejs
[35m[1mScanning dependencies of target uuv_thruster_manager_generate_messages_py[0m
[ 22%] [34m[1mGenerating Python code from SRV uuv_thruster_manager/GetThrusterCurve[0m
[ 27%] [34m[1mGenerating Python code from SRV uuv_thruster_manager/GetThrusterManagerConfig[0m
[ 31%] [34m[1mGenerating Python code from SRV uuv_thruster_manager/ThrusterManagerInfo[0m
[ 36%] [34m[1mGenerating Python code from SRV uuv_thruster_manager/SetThrusterManagerConfig[0m
[ 40%] [34m[1mGenerating Python srv __init__.py for uuv_thruster_manager[0m
[ 40%] Built target uuv_thruster_manager_generate_messages_py
[35m[1mScanning dependencies of target uuv_thruster_manager_generate_messages_cpp[0m
[ 45%] [34m[1mGenerating C++ code from uuv_thruster_manager/GetThrusterCurve.srv[0m
[ 50%] [34m[1mGenerating C++ code from uuv_thruster_manager/GetThrusterManagerConfig.srv[0m
[ 54%] [34m[1mGenerating C++ code from uuv_thruster_manager/ThrusterManagerInfo.srv[0m
[ 59%] [34m[1mGenerating C++ code from uuv_thruster_manager/SetThrusterManagerConfig.srv[0m
[ 59%] Built target uuv_thruster_manager_generate_messages_cpp
[35m[1mScanning dependencies of target uuv_thruster_manager_generate_messages_eus[0m
[ 63%] [34m[1mGenerating EusLisp code from uuv_thruster_manager/GetThrusterCurve.srv[0m
[ 68%] [34m[1mGenerating EusLisp code from uuv_thruster_manager/GetThrusterManagerConfig.srv[0m
[ 72%] [34m[1mGenerating EusLisp code from uuv_thruster_manager/ThrusterManagerInfo.srv[0m
[ 77%] [34m[1mGenerating EusLisp code from uuv_thruster_manager/SetThrusterManagerConfig.srv[0m
[ 81%] [34m[1mGenerating EusLisp manifest code for uuv_thruster_manager[0m
[ 81%] Built target uuv_thruster_manager_generate_messages_eus
[35m[1mScanning dependencies of target uuv_thruster_manager_generate_messages_lisp[0m
[ 86%] [34m[1mGenerating Lisp code from uuv_thruster_manager/GetThrusterCurve.srv[0m
[ 90%] [34m[1mGenerating Lisp code from uuv_thruster_manager/GetThrusterManagerConfig.srv[0m
[ 95%] [34m[1mGenerating Lisp code from uuv_thruster_manager/ThrusterManagerInfo.srv[0m
[100%] [34m[1mGenerating Lisp code from uuv_thruster_manager/SetThrusterManagerConfig.srv[0m
[100%] Built target uuv_thruster_manager_generate_messages_lisp
[35m[1mScanning dependencies of target uuv_thruster_manager_generate_messages[0m
[100%] Built target uuv_thruster_manager_generate_messages
