Determining if the pthread_create exist failed with the following output:
Change Dir: /home/amishsqrrob/uuv_simulator/build/uuv_manipulators_control/CMakeFiles/CMakeTmp

Run Build Command:"/usr/bin/make" "cmTC_18ebc/fast"
/usr/bin/make -f CMakeFiles/cmTC_18ebc.dir/build.make CMakeFiles/cmTC_18ebc.dir/build
make[1]: Entering directory '/home/amishsqrrob/uuv_simulator/build/uuv_manipulators_control/CMakeFiles/CMakeTmp'
Building C object CMakeFiles/cmTC_18ebc.dir/CheckSymbolExists.c.o
/usr/bin/cc     -o CMakeFiles/cmTC_18ebc.dir/CheckSymbolExists.c.o   -c /home/amishsqrrob/uuv_simulator/build/uuv_manipulators_control/CMakeFiles/CMakeTmp/CheckSymbolExists.c
Linking C executable cmTC_18ebc
/usr/bin/cmake -E cmake_link_script CMakeFiles/cmTC_18ebc.dir/link.txt --verbose=1
/usr/bin/cc       CMakeFiles/cmTC_18ebc.dir/CheckSymbolExists.c.o  -o cmTC_18ebc -rdynamic 
CMakeFiles/cmTC_18ebc.dir/CheckSymbolExists.c.o: In function `main':
CheckSymbolExists.c:(.text+0x16): undefined reference to `pthread_create'
collect2: error: ld returned 1 exit status
CMakeFiles/cmTC_18ebc.dir/build.make:97: recipe for target 'cmTC_18ebc' failed
make[1]: *** [cmTC_18ebc] Error 1
make[1]: Leaving directory '/home/amishsqrrob/uuv_simulator/build/uuv_manipulators_control/CMakeFiles/CMakeTmp'
Makefile:126: recipe for target 'cmTC_18ebc/fast' failed
make: *** [cmTC_18ebc/fast] Error 2

File /home/amishsqrrob/uuv_simulator/build/uuv_manipulators_control/CMakeFiles/CMakeTmp/CheckSymbolExists.c:
/* */
#include <pthread.h>

int main(int argc, char** argv)
{
  (void)argv;
#ifndef pthread_create
  return ((int*)(&pthread_create))[argc];
#else
  (void)argc;
  return 0;
#endif
}

Determining if the function pthread_create exists in the pthreads failed with the following output:
Change Dir: /home/amishsqrrob/uuv_simulator/build/uuv_manipulators_control/CMakeFiles/CMakeTmp

Run Build Command:"/usr/bin/make" "cmTC_72bca/fast"
/usr/bin/make -f CMakeFiles/cmTC_72bca.dir/build.make CMakeFiles/cmTC_72bca.dir/build
make[1]: Entering directory '/home/amishsqrrob/uuv_simulator/build/uuv_manipulators_control/CMakeFiles/CMakeTmp'
Building C object CMakeFiles/cmTC_72bca.dir/CheckFunctionExists.c.o
/usr/bin/cc    -DCHECK_FUNCTION_EXISTS=pthread_create   -o CMakeFiles/cmTC_72bca.dir/CheckFunctionExists.c.o   -c /usr/share/cmake-3.5/Modules/CheckFunctionExists.c
Linking C executable cmTC_72bca
/usr/bin/cmake -E cmake_link_script CMakeFiles/cmTC_72bca.dir/link.txt --verbose=1
/usr/bin/cc   -DCHECK_FUNCTION_EXISTS=pthread_create    CMakeFiles/cmTC_72bca.dir/CheckFunctionExists.c.o  -o cmTC_72bca -rdynamic -lpthreads 
/usr/bin/ld: cannot find -lpthreads
collect2: error: ld returned 1 exit status
CMakeFiles/cmTC_72bca.dir/build.make:97: recipe for target 'cmTC_72bca' failed
make[1]: *** [cmTC_72bca] Error 1
make[1]: Leaving directory '/home/amishsqrrob/uuv_simulator/build/uuv_manipulators_control/CMakeFiles/CMakeTmp'
Makefile:126: recipe for target 'cmTC_72bca/fast' failed
make: *** [cmTC_72bca/fast] Error 2


