Determining if the pthread_create exist failed with the following output:
Change Dir: /home/amishsqrrob/uuv_simulator/build/uuv_tutorial_seabed_world/CMakeFiles/CMakeTmp

Run Build Command:"/usr/bin/make" "cmTC_ed5bb/fast"
/usr/bin/make -f CMakeFiles/cmTC_ed5bb.dir/build.make CMakeFiles/cmTC_ed5bb.dir/build
make[1]: Entering directory '/home/amishsqrrob/uuv_simulator/build/uuv_tutorial_seabed_world/CMakeFiles/CMakeTmp'
Building C object CMakeFiles/cmTC_ed5bb.dir/CheckSymbolExists.c.o
/usr/bin/cc     -o CMakeFiles/cmTC_ed5bb.dir/CheckSymbolExists.c.o   -c /home/amishsqrrob/uuv_simulator/build/uuv_tutorial_seabed_world/CMakeFiles/CMakeTmp/CheckSymbolExists.c
Linking C executable cmTC_ed5bb
/usr/bin/cmake -E cmake_link_script CMakeFiles/cmTC_ed5bb.dir/link.txt --verbose=1
/usr/bin/cc       CMakeFiles/cmTC_ed5bb.dir/CheckSymbolExists.c.o  -o cmTC_ed5bb -rdynamic 
CMakeFiles/cmTC_ed5bb.dir/CheckSymbolExists.c.o: In function `main':
CheckSymbolExists.c:(.text+0x16): undefined reference to `pthread_create'
collect2: error: ld returned 1 exit status
CMakeFiles/cmTC_ed5bb.dir/build.make:97: recipe for target 'cmTC_ed5bb' failed
make[1]: *** [cmTC_ed5bb] Error 1
make[1]: Leaving directory '/home/amishsqrrob/uuv_simulator/build/uuv_tutorial_seabed_world/CMakeFiles/CMakeTmp'
Makefile:126: recipe for target 'cmTC_ed5bb/fast' failed
make: *** [cmTC_ed5bb/fast] Error 2

File /home/amishsqrrob/uuv_simulator/build/uuv_tutorial_seabed_world/CMakeFiles/CMakeTmp/CheckSymbolExists.c:
/* */
#include <pthread.h>

int main(int argc, char** argv)
{
  (void)argv;
#ifndef pthread_create
  return ((int*)(&pthread_create))[argc];
#else
  (void)argc;
  return 0;
#endif
}

Determining if the function pthread_create exists in the pthreads failed with the following output:
Change Dir: /home/amishsqrrob/uuv_simulator/build/uuv_tutorial_seabed_world/CMakeFiles/CMakeTmp

Run Build Command:"/usr/bin/make" "cmTC_58e91/fast"
/usr/bin/make -f CMakeFiles/cmTC_58e91.dir/build.make CMakeFiles/cmTC_58e91.dir/build
make[1]: Entering directory '/home/amishsqrrob/uuv_simulator/build/uuv_tutorial_seabed_world/CMakeFiles/CMakeTmp'
Building C object CMakeFiles/cmTC_58e91.dir/CheckFunctionExists.c.o
/usr/bin/cc    -DCHECK_FUNCTION_EXISTS=pthread_create   -o CMakeFiles/cmTC_58e91.dir/CheckFunctionExists.c.o   -c /usr/share/cmake-3.5/Modules/CheckFunctionExists.c
Linking C executable cmTC_58e91
/usr/bin/cmake -E cmake_link_script CMakeFiles/cmTC_58e91.dir/link.txt --verbose=1
/usr/bin/cc   -DCHECK_FUNCTION_EXISTS=pthread_create    CMakeFiles/cmTC_58e91.dir/CheckFunctionExists.c.o  -o cmTC_58e91 -rdynamic -lpthreads 
/usr/bin/ld: cannot find -lpthreads
collect2: error: ld returned 1 exit status
CMakeFiles/cmTC_58e91.dir/build.make:97: recipe for target 'cmTC_58e91' failed
make[1]: *** [cmTC_58e91] Error 1
make[1]: Leaving directory '/home/amishsqrrob/uuv_simulator/build/uuv_tutorial_seabed_world/CMakeFiles/CMakeTmp'
Makefile:126: recipe for target 'cmTC_58e91/fast' failed
make: *** [cmTC_58e91/fast] Error 2


