[ 14%] Built target custom_battery_consumer_ros_plugin
[ 28%] Built target joint_state_publisher
[ 42%] Built target accelerations_test_plugin
[ 42%] Built target actionlib_generate_messages_py
[ 42%] Built target tf2_msgs_generate_messages_eus
[ 42%] Built target tf2_msgs_generate_messages_lisp
[ 42%] Built target tf2_msgs_generate_messages_cpp
[ 42%] Built target actionlib_msgs_generate_messages_py
[ 42%] Built target tf2_msgs_generate_messages_py
[ 42%] Built target actionlib_msgs_generate_messages_nodejs
[ 42%] Built target actionlib_msgs_generate_messages_lisp
[ 42%] Built target std_msgs_generate_messages_eus
[ 42%] Built target roscpp_generate_messages_lisp
[ 42%] Built target uuv_gazebo_ros_plugins_msgs_generate_messages_eus
[ 42%] Built target geometry_msgs_generate_messages_nodejs
[ 42%] Built target visualization_msgs_generate_messages_py
[ 42%] Built target geometry_msgs_generate_messages_lisp
[ 42%] Built target std_msgs_generate_messages_lisp
[ 42%] Built target std_msgs_generate_messages_py
[ 42%] Built target geometry_msgs_generate_messages_eus
[ 42%] Built target uuv_gazebo_ros_plugins_msgs_generate_messages_nodejs
[ 42%] Built target roscpp_generate_messages_cpp
[ 42%] Built target rosgraph_msgs_generate_messages_cpp
[ 42%] Built target sensor_msgs_generate_messages_nodejs
[ 42%] Built target roscpp_generate_messages_nodejs
[ 42%] Built target geometry_msgs_generate_messages_cpp
[ 42%] Built target rosgraph_msgs_generate_messages_py
[ 42%] Built target rosgraph_msgs_generate_messages_lisp
[ 42%] Built target uuv_gazebo_ros_plugins_msgs_generate_messages_cpp
[ 42%] Built target uuv_gazebo_ros_plugins_msgs_generate_messages_lisp
[ 42%] Built target visualization_msgs_generate_messages_nodejs
[ 42%] Built target tf2_msgs_generate_messages_nodejs
[ 42%] Built target geometry_msgs_generate_messages_py
[ 42%] Built target std_msgs_generate_messages_nodejs
[ 42%] Built target sensor_msgs_generate_messages_cpp
[ 42%] Built target uuv_gazebo_ros_plugins_msgs_generate_messages_py
[ 42%] Built target sensor_msgs_generate_messages_lisp
[ 42%] Built target roscpp_generate_messages_eus
[ 42%] Built target visualization_msgs_generate_messages_lisp
[ 42%] Built target roscpp_generate_messages_py
[ 42%] Built target actionlib_generate_messages_eus
[ 42%] Built target rosgraph_msgs_generate_messages_eus
[ 42%] Built target visualization_msgs_generate_messages_cpp
[ 42%] Built target rosgraph_msgs_generate_messages_nodejs
[ 42%] Built target visualization_msgs_generate_messages_eus
[ 42%] Built target sensor_msgs_generate_messages_py
[ 42%] Built target actionlib_generate_messages_cpp
[ 42%] Built target actionlib_msgs_generate_messages_eus
[ 42%] Built target actionlib_generate_messages_lisp
[ 42%] Built target std_msgs_generate_messages_cpp
[ 42%] Built target sensor_msgs_generate_messages_eus
[ 42%] Built target actionlib_generate_messages_nodejs
[ 42%] Built target actionlib_msgs_generate_messages_cpp
[ 57%] Built target linear_battery_ros_plugin
[ 71%] Built target thruster_ros_plugin
[ 85%] Built target underwater_object_ros_plugin
[100%] Built target fin_ros_plugin
