[35m[1mScanning dependencies of target _uuv_world_ros_plugins_msgs_generate_messages_check_deps_SetCurrentDirection[0m
[  0%] Built target _uuv_world_ros_plugins_msgs_generate_messages_check_deps_SetCurrentDirection
[35m[1mScanning dependencies of target _uuv_world_ros_plugins_msgs_generate_messages_check_deps_TransformFromSphericalCoord[0m
[  0%] Built target _uuv_world_ros_plugins_msgs_generate_messages_check_deps_TransformFromSphericalCoord
[35m[1mScanning dependencies of target _uuv_world_ros_plugins_msgs_generate_messages_check_deps_SetCurrentModel[0m
[  0%] Built target _uuv_world_ros_plugins_msgs_generate_messages_check_deps_SetCurrentModel
[35m[1mScanning dependencies of target std_msgs_generate_messages_cpp[0m
[  0%] Built target std_msgs_generate_messages_cpp
[35m[1mScanning dependencies of target geometry_msgs_generate_messages_cpp[0m
[  0%] Built target geometry_msgs_generate_messages_cpp
[35m[1mScanning dependencies of target _uuv_world_ros_plugins_msgs_generate_messages_check_deps_SetCurrentVelocity[0m
[  0%] Built target _uuv_world_ros_plugins_msgs_generate_messages_check_deps_SetCurrentVelocity
[35m[1mScanning dependencies of target _uuv_world_ros_plugins_msgs_generate_messages_check_deps_GetCurrentModel[0m
[  0%] Built target _uuv_world_ros_plugins_msgs_generate_messages_check_deps_GetCurrentModel
[35m[1mScanning dependencies of target _uuv_world_ros_plugins_msgs_generate_messages_check_deps_SetOriginSphericalCoord[0m
[  0%] Built target _uuv_world_ros_plugins_msgs_generate_messages_check_deps_SetOriginSphericalCoord
[35m[1mScanning dependencies of target _uuv_world_ros_plugins_msgs_generate_messages_check_deps_GetOriginSphericalCoord[0m
[  0%] Built target _uuv_world_ros_plugins_msgs_generate_messages_check_deps_GetOriginSphericalCoord
[35m[1mScanning dependencies of target _uuv_world_ros_plugins_msgs_generate_messages_check_deps_TransformToSphericalCoord[0m
[  0%] Built target _uuv_world_ros_plugins_msgs_generate_messages_check_deps_TransformToSphericalCoord
[35m[1mScanning dependencies of target geometry_msgs_generate_messages_py[0m
[  0%] Built target geometry_msgs_generate_messages_py
[35m[1mScanning dependencies of target std_msgs_generate_messages_py[0m
[  0%] Built target std_msgs_generate_messages_py
[35m[1mScanning dependencies of target std_msgs_generate_messages_nodejs[0m
[  0%] Built target std_msgs_generate_messages_nodejs
[35m[1mScanning dependencies of target geometry_msgs_generate_messages_nodejs[0m
[  0%] Built target geometry_msgs_generate_messages_nodejs
[35m[1mScanning dependencies of target std_msgs_generate_messages_lisp[0m
[  0%] Built target std_msgs_generate_messages_lisp
[35m[1mScanning dependencies of target geometry_msgs_generate_messages_lisp[0m
[  0%] Built target geometry_msgs_generate_messages_lisp
[35m[1mScanning dependencies of target std_msgs_generate_messages_eus[0m
[  0%] Built target std_msgs_generate_messages_eus
[35m[1mScanning dependencies of target geometry_msgs_generate_messages_eus[0m
[  0%] Built target geometry_msgs_generate_messages_eus
[35m[1mScanning dependencies of target uuv_world_ros_plugins_msgs_generate_messages_cpp[0m
[  2%] [34m[1mGenerating C++ code from uuv_world_ros_plugins_msgs/SetCurrentDirection.srv[0m
[  4%] [34m[1mGenerating C++ code from uuv_world_ros_plugins_msgs/GetOriginSphericalCoord.srv[0m
[  7%] [34m[1mGenerating C++ code from uuv_world_ros_plugins_msgs/TransformToSphericalCoord.srv[0m
[  9%] [34m[1mGenerating C++ code from uuv_world_ros_plugins_msgs/SetOriginSphericalCoord.srv[0m
[ 11%] [34m[1mGenerating C++ code from uuv_world_ros_plugins_msgs/SetCurrentVelocity.srv[0m
[ 14%] [34m[1mGenerating C++ code from uuv_world_ros_plugins_msgs/SetCurrentModel.srv[0m
[ 16%] [34m[1mGenerating C++ code from uuv_world_ros_plugins_msgs/GetCurrentModel.srv[0m
[ 19%] [34m[1mGenerating C++ code from uuv_world_ros_plugins_msgs/TransformFromSphericalCoord.srv[0m
[ 19%] Built target uuv_world_ros_plugins_msgs_generate_messages_cpp
[35m[1mScanning dependencies of target uuv_world_ros_plugins_msgs_generate_messages_py[0m
[ 21%] [34m[1mGenerating Python code from SRV uuv_world_ros_plugins_msgs/SetCurrentDirection[0m
[ 23%] [34m[1mGenerating Python code from SRV uuv_world_ros_plugins_msgs/GetOriginSphericalCoord[0m
[ 26%] [34m[1mGenerating Python code from SRV uuv_world_ros_plugins_msgs/TransformToSphericalCoord[0m
[ 28%] [34m[1mGenerating Python code from SRV uuv_world_ros_plugins_msgs/SetOriginSphericalCoord[0m
[ 30%] [34m[1mGenerating Python code from SRV uuv_world_ros_plugins_msgs/SetCurrentVelocity[0m
[ 33%] [34m[1mGenerating Python code from SRV uuv_world_ros_plugins_msgs/SetCurrentModel[0m
[ 35%] [34m[1mGenerating Python code from SRV uuv_world_ros_plugins_msgs/GetCurrentModel[0m
[ 38%] [34m[1mGenerating Python code from SRV uuv_world_ros_plugins_msgs/TransformFromSphericalCoord[0m
[ 40%] [34m[1mGenerating Python srv __init__.py for uuv_world_ros_plugins_msgs[0m
[ 40%] Built target uuv_world_ros_plugins_msgs_generate_messages_py
[35m[1mScanning dependencies of target uuv_world_ros_plugins_msgs_generate_messages_nodejs[0m
[ 42%] [34m[1mGenerating Javascript code from uuv_world_ros_plugins_msgs/SetCurrentDirection.srv[0m
[ 45%] [34m[1mGenerating Javascript code from uuv_world_ros_plugins_msgs/GetOriginSphericalCoord.srv[0m
[ 47%] [34m[1mGenerating Javascript code from uuv_world_ros_plugins_msgs/TransformToSphericalCoord.srv[0m
[ 50%] [34m[1mGenerating Javascript code from uuv_world_ros_plugins_msgs/SetOriginSphericalCoord.srv[0m
[ 52%] [34m[1mGenerating Javascript code from uuv_world_ros_plugins_msgs/SetCurrentVelocity.srv[0m
[ 54%] [34m[1mGenerating Javascript code from uuv_world_ros_plugins_msgs/SetCurrentModel.srv[0m
[ 57%] [34m[1mGenerating Javascript code from uuv_world_ros_plugins_msgs/GetCurrentModel.srv[0m
[ 59%] [34m[1mGenerating Javascript code from uuv_world_ros_plugins_msgs/TransformFromSphericalCoord.srv[0m
[ 59%] Built target uuv_world_ros_plugins_msgs_generate_messages_nodejs
[35m[1mScanning dependencies of target uuv_world_ros_plugins_msgs_generate_messages_lisp[0m
[ 61%] [34m[1mGenerating Lisp code from uuv_world_ros_plugins_msgs/SetCurrentDirection.srv[0m
[ 64%] [34m[1mGenerating Lisp code from uuv_world_ros_plugins_msgs/GetOriginSphericalCoord.srv[0m
[ 66%] [34m[1mGenerating Lisp code from uuv_world_ros_plugins_msgs/TransformToSphericalCoord.srv[0m
[ 69%] [34m[1mGenerating Lisp code from uuv_world_ros_plugins_msgs/SetOriginSphericalCoord.srv[0m
[ 71%] [34m[1mGenerating Lisp code from uuv_world_ros_plugins_msgs/SetCurrentVelocity.srv[0m
[ 73%] [34m[1mGenerating Lisp code from uuv_world_ros_plugins_msgs/SetCurrentModel.srv[0m
[ 76%] [34m[1mGenerating Lisp code from uuv_world_ros_plugins_msgs/GetCurrentModel.srv[0m
[ 78%] [34m[1mGenerating Lisp code from uuv_world_ros_plugins_msgs/TransformFromSphericalCoord.srv[0m
[ 78%] Built target uuv_world_ros_plugins_msgs_generate_messages_lisp
[35m[1mScanning dependencies of target uuv_world_ros_plugins_msgs_generate_messages_eus[0m
[ 80%] [34m[1mGenerating EusLisp code from uuv_world_ros_plugins_msgs/SetCurrentDirection.srv[0m
[ 83%] [34m[1mGenerating EusLisp code from uuv_world_ros_plugins_msgs/GetOriginSphericalCoord.srv[0m
[ 85%] [34m[1mGenerating EusLisp code from uuv_world_ros_plugins_msgs/TransformToSphericalCoord.srv[0m
[ 88%] [34m[1mGenerating EusLisp code from uuv_world_ros_plugins_msgs/SetOriginSphericalCoord.srv[0m
[ 90%] [34m[1mGenerating EusLisp code from uuv_world_ros_plugins_msgs/SetCurrentVelocity.srv[0m
[ 92%] [34m[1mGenerating EusLisp code from uuv_world_ros_plugins_msgs/SetCurrentModel.srv[0m
[ 95%] [34m[1mGenerating EusLisp code from uuv_world_ros_plugins_msgs/GetCurrentModel.srv[0m
[ 97%] [34m[1mGenerating EusLisp code from uuv_world_ros_plugins_msgs/TransformFromSphericalCoord.srv[0m
[100%] [34m[1mGenerating EusLisp manifest code for uuv_world_ros_plugins_msgs[0m
[100%] Built target uuv_world_ros_plugins_msgs_generate_messages_eus
[35m[1mScanning dependencies of target uuv_world_ros_plugins_msgs_generate_messages[0m
[100%] Built target uuv_world_ros_plugins_msgs_generate_messages
