Linked: (/home/amishsqrrob/uuv_simulator/devel/.private/uuv_world_ros_plugins_msgs/share/gennodejs/ros/uuv_world_ros_plugins_msgs/_index.js, /home/amishsqrrob/uuv_simulator/devel/share/gennodejs/ros/uuv_world_ros_plugins_msgs/_index.js)
Linked: (/home/amishsqrrob/uuv_simulator/devel/.private/uuv_world_ros_plugins_msgs/share/gennodejs/ros/uuv_world_ros_plugins_msgs/srv/SetCurrentDirection.js, /home/amishsqrrob/uuv_simulator/devel/share/gennodejs/ros/uuv_world_ros_plugins_msgs/srv/SetCurrentDirection.js)
Linked: (/home/amishsqrrob/uuv_simulator/devel/.private/uuv_world_ros_plugins_msgs/share/gennodejs/ros/uuv_world_ros_plugins_msgs/srv/SetCurrentModel.js, /home/amishsqrrob/uuv_simulator/devel/share/gennodejs/ros/uuv_world_ros_plugins_msgs/srv/SetCurrentModel.js)
Linked: (/home/amishsqrrob/uuv_simulator/devel/.private/uuv_world_ros_plugins_msgs/share/gennodejs/ros/uuv_world_ros_plugins_msgs/srv/TransformFromSphericalCoord.js, /home/amishsqrrob/uuv_simulator/devel/share/gennodejs/ros/uuv_world_ros_plugins_msgs/srv/TransformFromSphericalCoord.js)
Linked: (/home/amishsqrrob/uuv_simulator/devel/.private/uuv_world_ros_plugins_msgs/share/gennodejs/ros/uuv_world_ros_plugins_msgs/srv/GetCurrentModel.js, /home/amishsqrrob/uuv_simulator/devel/share/gennodejs/ros/uuv_world_ros_plugins_msgs/srv/GetCurrentModel.js)
Linked: (/home/amishsqrrob/uuv_simulator/devel/.private/uuv_world_ros_plugins_msgs/share/gennodejs/ros/uuv_world_ros_plugins_msgs/srv/GetOriginSphericalCoord.js, /home/amishsqrrob/uuv_simulator/devel/share/gennodejs/ros/uuv_world_ros_plugins_msgs/srv/GetOriginSphericalCoord.js)
Linked: (/home/amishsqrrob/uuv_simulator/devel/.private/uuv_world_ros_plugins_msgs/share/gennodejs/ros/uuv_world_ros_plugins_msgs/srv/_index.js, /home/amishsqrrob/uuv_simulator/devel/share/gennodejs/ros/uuv_world_ros_plugins_msgs/srv/_index.js)
Linked: (/home/amishsqrrob/uuv_simulator/devel/.private/uuv_world_ros_plugins_msgs/share/gennodejs/ros/uuv_world_ros_plugins_msgs/srv/SetOriginSphericalCoord.js, /home/amishsqrrob/uuv_simulator/devel/share/gennodejs/ros/uuv_world_ros_plugins_msgs/srv/SetOriginSphericalCoord.js)
Linked: (/home/amishsqrrob/uuv_simulator/devel/.private/uuv_world_ros_plugins_msgs/share/gennodejs/ros/uuv_world_ros_plugins_msgs/srv/TransformToSphericalCoord.js, /home/amishsqrrob/uuv_simulator/devel/share/gennodejs/ros/uuv_world_ros_plugins_msgs/srv/TransformToSphericalCoord.js)
Linked: (/home/amishsqrrob/uuv_simulator/devel/.private/uuv_world_ros_plugins_msgs/share/gennodejs/ros/uuv_world_ros_plugins_msgs/srv/SetCurrentVelocity.js, /home/amishsqrrob/uuv_simulator/devel/share/gennodejs/ros/uuv_world_ros_plugins_msgs/srv/SetCurrentVelocity.js)
Linked: (/home/amishsqrrob/uuv_simulator/devel/.private/uuv_world_ros_plugins_msgs/share/roseus/ros/uuv_world_ros_plugins_msgs/manifest.l, /home/amishsqrrob/uuv_simulator/devel/share/roseus/ros/uuv_world_ros_plugins_msgs/manifest.l)
Linked: (/home/amishsqrrob/uuv_simulator/devel/.private/uuv_world_ros_plugins_msgs/share/roseus/ros/uuv_world_ros_plugins_msgs/srv/TransformFromSphericalCoord.l, /home/amishsqrrob/uuv_simulator/devel/share/roseus/ros/uuv_world_ros_plugins_msgs/srv/TransformFromSphericalCoord.l)
Linked: (/home/amishsqrrob/uuv_simulator/devel/.private/uuv_world_ros_plugins_msgs/share/roseus/ros/uuv_world_ros_plugins_msgs/srv/SetCurrentModel.l, /home/amishsqrrob/uuv_simulator/devel/share/roseus/ros/uuv_world_ros_plugins_msgs/srv/SetCurrentModel.l)
Linked: (/home/amishsqrrob/uuv_simulator/devel/.private/uuv_world_ros_plugins_msgs/share/roseus/ros/uuv_world_ros_plugins_msgs/srv/GetOriginSphericalCoord.l, /home/amishsqrrob/uuv_simulator/devel/share/roseus/ros/uuv_world_ros_plugins_msgs/srv/GetOriginSphericalCoord.l)
Linked: (/home/amishsqrrob/uuv_simulator/devel/.private/uuv_world_ros_plugins_msgs/share/roseus/ros/uuv_world_ros_plugins_msgs/srv/GetCurrentModel.l, /home/amishsqrrob/uuv_simulator/devel/share/roseus/ros/uuv_world_ros_plugins_msgs/srv/GetCurrentModel.l)
Linked: (/home/amishsqrrob/uuv_simulator/devel/.private/uuv_world_ros_plugins_msgs/share/roseus/ros/uuv_world_ros_plugins_msgs/srv/SetCurrentVelocity.l, /home/amishsqrrob/uuv_simulator/devel/share/roseus/ros/uuv_world_ros_plugins_msgs/srv/SetCurrentVelocity.l)
Linked: (/home/amishsqrrob/uuv_simulator/devel/.private/uuv_world_ros_plugins_msgs/share/roseus/ros/uuv_world_ros_plugins_msgs/srv/TransformToSphericalCoord.l, /home/amishsqrrob/uuv_simulator/devel/share/roseus/ros/uuv_world_ros_plugins_msgs/srv/TransformToSphericalCoord.l)
Linked: (/home/amishsqrrob/uuv_simulator/devel/.private/uuv_world_ros_plugins_msgs/share/roseus/ros/uuv_world_ros_plugins_msgs/srv/SetOriginSphericalCoord.l, /home/amishsqrrob/uuv_simulator/devel/share/roseus/ros/uuv_world_ros_plugins_msgs/srv/SetOriginSphericalCoord.l)
Linked: (/home/amishsqrrob/uuv_simulator/devel/.private/uuv_world_ros_plugins_msgs/share/roseus/ros/uuv_world_ros_plugins_msgs/srv/SetCurrentDirection.l, /home/amishsqrrob/uuv_simulator/devel/share/roseus/ros/uuv_world_ros_plugins_msgs/srv/SetCurrentDirection.l)
Linked: (/home/amishsqrrob/uuv_simulator/devel/.private/uuv_world_ros_plugins_msgs/share/uuv_world_ros_plugins_msgs/cmake/uuv_world_ros_plugins_msgsConfig-version.cmake, /home/amishsqrrob/uuv_simulator/devel/share/uuv_world_ros_plugins_msgs/cmake/uuv_world_ros_plugins_msgsConfig-version.cmake)
Linked: (/home/amishsqrrob/uuv_simulator/devel/.private/uuv_world_ros_plugins_msgs/share/uuv_world_ros_plugins_msgs/cmake/uuv_world_ros_plugins_msgs-msg-extras.cmake, /home/amishsqrrob/uuv_simulator/devel/share/uuv_world_ros_plugins_msgs/cmake/uuv_world_ros_plugins_msgs-msg-extras.cmake)
Linked: (/home/amishsqrrob/uuv_simulator/devel/.private/uuv_world_ros_plugins_msgs/share/uuv_world_ros_plugins_msgs/cmake/uuv_world_ros_plugins_msgs-msg-paths.cmake, /home/amishsqrrob/uuv_simulator/devel/share/uuv_world_ros_plugins_msgs/cmake/uuv_world_ros_plugins_msgs-msg-paths.cmake)
Linked: (/home/amishsqrrob/uuv_simulator/devel/.private/uuv_world_ros_plugins_msgs/share/uuv_world_ros_plugins_msgs/cmake/uuv_world_ros_plugins_msgsConfig.cmake, /home/amishsqrrob/uuv_simulator/devel/share/uuv_world_ros_plugins_msgs/cmake/uuv_world_ros_plugins_msgsConfig.cmake)
Linked: (/home/amishsqrrob/uuv_simulator/devel/.private/uuv_world_ros_plugins_msgs/share/common-lisp/ros/uuv_world_ros_plugins_msgs/srv/SetOriginSphericalCoord.lisp, /home/amishsqrrob/uuv_simulator/devel/share/common-lisp/ros/uuv_world_ros_plugins_msgs/srv/SetOriginSphericalCoord.lisp)
Linked: (/home/amishsqrrob/uuv_simulator/devel/.private/uuv_world_ros_plugins_msgs/share/common-lisp/ros/uuv_world_ros_plugins_msgs/srv/_package_TransformToSphericalCoord.lisp, /home/amishsqrrob/uuv_simulator/devel/share/common-lisp/ros/uuv_world_ros_plugins_msgs/srv/_package_TransformToSphericalCoord.lisp)
Linked: (/home/amishsqrrob/uuv_simulator/devel/.private/uuv_world_ros_plugins_msgs/share/common-lisp/ros/uuv_world_ros_plugins_msgs/srv/TransformFromSphericalCoord.lisp, /home/amishsqrrob/uuv_simulator/devel/share/common-lisp/ros/uuv_world_ros_plugins_msgs/srv/TransformFromSphericalCoord.lisp)
Linked: (/home/amishsqrrob/uuv_simulator/devel/.private/uuv_world_ros_plugins_msgs/share/common-lisp/ros/uuv_world_ros_plugins_msgs/srv/_package_GetCurrentModel.lisp, /home/amishsqrrob/uuv_simulator/devel/share/common-lisp/ros/uuv_world_ros_plugins_msgs/srv/_package_GetCurrentModel.lisp)
Linked: (/home/amishsqrrob/uuv_simulator/devel/.private/uuv_world_ros_plugins_msgs/share/common-lisp/ros/uuv_world_ros_plugins_msgs/srv/_package_SetCurrentVelocity.lisp, /home/amishsqrrob/uuv_simulator/devel/share/common-lisp/ros/uuv_world_ros_plugins_msgs/srv/_package_SetCurrentVelocity.lisp)
Linked: (/home/amishsqrrob/uuv_simulator/devel/.private/uuv_world_ros_plugins_msgs/share/common-lisp/ros/uuv_world_ros_plugins_msgs/srv/_package_GetOriginSphericalCoord.lisp, /home/amishsqrrob/uuv_simulator/devel/share/common-lisp/ros/uuv_world_ros_plugins_msgs/srv/_package_GetOriginSphericalCoord.lisp)
Linked: (/home/amishsqrrob/uuv_simulator/devel/.private/uuv_world_ros_plugins_msgs/share/common-lisp/ros/uuv_world_ros_plugins_msgs/srv/SetCurrentDirection.lisp, /home/amishsqrrob/uuv_simulator/devel/share/common-lisp/ros/uuv_world_ros_plugins_msgs/srv/SetCurrentDirection.lisp)
Linked: (/home/amishsqrrob/uuv_simulator/devel/.private/uuv_world_ros_plugins_msgs/share/common-lisp/ros/uuv_world_ros_plugins_msgs/srv/_package_SetCurrentModel.lisp, /home/amishsqrrob/uuv_simulator/devel/share/common-lisp/ros/uuv_world_ros_plugins_msgs/srv/_package_SetCurrentModel.lisp)
Linked: (/home/amishsqrrob/uuv_simulator/devel/.private/uuv_world_ros_plugins_msgs/share/common-lisp/ros/uuv_world_ros_plugins_msgs/srv/TransformToSphericalCoord.lisp, /home/amishsqrrob/uuv_simulator/devel/share/common-lisp/ros/uuv_world_ros_plugins_msgs/srv/TransformToSphericalCoord.lisp)
Linked: (/home/amishsqrrob/uuv_simulator/devel/.private/uuv_world_ros_plugins_msgs/share/common-lisp/ros/uuv_world_ros_plugins_msgs/srv/SetCurrentModel.lisp, /home/amishsqrrob/uuv_simulator/devel/share/common-lisp/ros/uuv_world_ros_plugins_msgs/srv/SetCurrentModel.lisp)
Linked: (/home/amishsqrrob/uuv_simulator/devel/.private/uuv_world_ros_plugins_msgs/share/common-lisp/ros/uuv_world_ros_plugins_msgs/srv/uuv_world_ros_plugins_msgs-srv.asd, /home/amishsqrrob/uuv_simulator/devel/share/common-lisp/ros/uuv_world_ros_plugins_msgs/srv/uuv_world_ros_plugins_msgs-srv.asd)
Linked: (/home/amishsqrrob/uuv_simulator/devel/.private/uuv_world_ros_plugins_msgs/share/common-lisp/ros/uuv_world_ros_plugins_msgs/srv/_package_TransformFromSphericalCoord.lisp, /home/amishsqrrob/uuv_simulator/devel/share/common-lisp/ros/uuv_world_ros_plugins_msgs/srv/_package_TransformFromSphericalCoord.lisp)
Linked: (/home/amishsqrrob/uuv_simulator/devel/.private/uuv_world_ros_plugins_msgs/share/common-lisp/ros/uuv_world_ros_plugins_msgs/srv/_package_SetOriginSphericalCoord.lisp, /home/amishsqrrob/uuv_simulator/devel/share/common-lisp/ros/uuv_world_ros_plugins_msgs/srv/_package_SetOriginSphericalCoord.lisp)
Linked: (/home/amishsqrrob/uuv_simulator/devel/.private/uuv_world_ros_plugins_msgs/share/common-lisp/ros/uuv_world_ros_plugins_msgs/srv/_package_SetCurrentDirection.lisp, /home/amishsqrrob/uuv_simulator/devel/share/common-lisp/ros/uuv_world_ros_plugins_msgs/srv/_package_SetCurrentDirection.lisp)
Linked: (/home/amishsqrrob/uuv_simulator/devel/.private/uuv_world_ros_plugins_msgs/share/common-lisp/ros/uuv_world_ros_plugins_msgs/srv/SetCurrentVelocity.lisp, /home/amishsqrrob/uuv_simulator/devel/share/common-lisp/ros/uuv_world_ros_plugins_msgs/srv/SetCurrentVelocity.lisp)
Linked: (/home/amishsqrrob/uuv_simulator/devel/.private/uuv_world_ros_plugins_msgs/share/common-lisp/ros/uuv_world_ros_plugins_msgs/srv/_package.lisp, /home/amishsqrrob/uuv_simulator/devel/share/common-lisp/ros/uuv_world_ros_plugins_msgs/srv/_package.lisp)
Linked: (/home/amishsqrrob/uuv_simulator/devel/.private/uuv_world_ros_plugins_msgs/share/common-lisp/ros/uuv_world_ros_plugins_msgs/srv/GetOriginSphericalCoord.lisp, /home/amishsqrrob/uuv_simulator/devel/share/common-lisp/ros/uuv_world_ros_plugins_msgs/srv/GetOriginSphericalCoord.lisp)
Linked: (/home/amishsqrrob/uuv_simulator/devel/.private/uuv_world_ros_plugins_msgs/share/common-lisp/ros/uuv_world_ros_plugins_msgs/srv/GetCurrentModel.lisp, /home/amishsqrrob/uuv_simulator/devel/share/common-lisp/ros/uuv_world_ros_plugins_msgs/srv/GetCurrentModel.lisp)
Linked: (/home/amishsqrrob/uuv_simulator/devel/.private/uuv_world_ros_plugins_msgs/include/uuv_world_ros_plugins_msgs/TransformFromSphericalCoordRequest.h, /home/amishsqrrob/uuv_simulator/devel/include/uuv_world_ros_plugins_msgs/TransformFromSphericalCoordRequest.h)
Linked: (/home/amishsqrrob/uuv_simulator/devel/.private/uuv_world_ros_plugins_msgs/include/uuv_world_ros_plugins_msgs/TransformFromSphericalCoord.h, /home/amishsqrrob/uuv_simulator/devel/include/uuv_world_ros_plugins_msgs/TransformFromSphericalCoord.h)
Linked: (/home/amishsqrrob/uuv_simulator/devel/.private/uuv_world_ros_plugins_msgs/include/uuv_world_ros_plugins_msgs/GetOriginSphericalCoord.h, /home/amishsqrrob/uuv_simulator/devel/include/uuv_world_ros_plugins_msgs/GetOriginSphericalCoord.h)
Linked: (/home/amishsqrrob/uuv_simulator/devel/.private/uuv_world_ros_plugins_msgs/include/uuv_world_ros_plugins_msgs/SetOriginSphericalCoordResponse.h, /home/amishsqrrob/uuv_simulator/devel/include/uuv_world_ros_plugins_msgs/SetOriginSphericalCoordResponse.h)
Linked: (/home/amishsqrrob/uuv_simulator/devel/.private/uuv_world_ros_plugins_msgs/include/uuv_world_ros_plugins_msgs/TransformToSphericalCoordResponse.h, /home/amishsqrrob/uuv_simulator/devel/include/uuv_world_ros_plugins_msgs/TransformToSphericalCoordResponse.h)
Linked: (/home/amishsqrrob/uuv_simulator/devel/.private/uuv_world_ros_plugins_msgs/include/uuv_world_ros_plugins_msgs/GetOriginSphericalCoordResponse.h, /home/amishsqrrob/uuv_simulator/devel/include/uuv_world_ros_plugins_msgs/GetOriginSphericalCoordResponse.h)
Linked: (/home/amishsqrrob/uuv_simulator/devel/.private/uuv_world_ros_plugins_msgs/include/uuv_world_ros_plugins_msgs/GetCurrentModelRequest.h, /home/amishsqrrob/uuv_simulator/devel/include/uuv_world_ros_plugins_msgs/GetCurrentModelRequest.h)
Linked: (/home/amishsqrrob/uuv_simulator/devel/.private/uuv_world_ros_plugins_msgs/include/uuv_world_ros_plugins_msgs/GetCurrentModel.h, /home/amishsqrrob/uuv_simulator/devel/include/uuv_world_ros_plugins_msgs/GetCurrentModel.h)
Linked: (/home/amishsqrrob/uuv_simulator/devel/.private/uuv_world_ros_plugins_msgs/include/uuv_world_ros_plugins_msgs/SetCurrentModelResponse.h, /home/amishsqrrob/uuv_simulator/devel/include/uuv_world_ros_plugins_msgs/SetCurrentModelResponse.h)
Linked: (/home/amishsqrrob/uuv_simulator/devel/.private/uuv_world_ros_plugins_msgs/include/uuv_world_ros_plugins_msgs/TransformToSphericalCoordRequest.h, /home/amishsqrrob/uuv_simulator/devel/include/uuv_world_ros_plugins_msgs/TransformToSphericalCoordRequest.h)
Linked: (/home/amishsqrrob/uuv_simulator/devel/.private/uuv_world_ros_plugins_msgs/include/uuv_world_ros_plugins_msgs/SetCurrentDirectionRequest.h, /home/amishsqrrob/uuv_simulator/devel/include/uuv_world_ros_plugins_msgs/SetCurrentDirectionRequest.h)
Linked: (/home/amishsqrrob/uuv_simulator/devel/.private/uuv_world_ros_plugins_msgs/include/uuv_world_ros_plugins_msgs/GetCurrentModelResponse.h, /home/amishsqrrob/uuv_simulator/devel/include/uuv_world_ros_plugins_msgs/GetCurrentModelResponse.h)
Linked: (/home/amishsqrrob/uuv_simulator/devel/.private/uuv_world_ros_plugins_msgs/include/uuv_world_ros_plugins_msgs/GetOriginSphericalCoordRequest.h, /home/amishsqrrob/uuv_simulator/devel/include/uuv_world_ros_plugins_msgs/GetOriginSphericalCoordRequest.h)
Linked: (/home/amishsqrrob/uuv_simulator/devel/.private/uuv_world_ros_plugins_msgs/include/uuv_world_ros_plugins_msgs/SetCurrentDirectionResponse.h, /home/amishsqrrob/uuv_simulator/devel/include/uuv_world_ros_plugins_msgs/SetCurrentDirectionResponse.h)
Linked: (/home/amishsqrrob/uuv_simulator/devel/.private/uuv_world_ros_plugins_msgs/include/uuv_world_ros_plugins_msgs/TransformFromSphericalCoordResponse.h, /home/amishsqrrob/uuv_simulator/devel/include/uuv_world_ros_plugins_msgs/TransformFromSphericalCoordResponse.h)
Linked: (/home/amishsqrrob/uuv_simulator/devel/.private/uuv_world_ros_plugins_msgs/include/uuv_world_ros_plugins_msgs/TransformToSphericalCoord.h, /home/amishsqrrob/uuv_simulator/devel/include/uuv_world_ros_plugins_msgs/TransformToSphericalCoord.h)
Linked: (/home/amishsqrrob/uuv_simulator/devel/.private/uuv_world_ros_plugins_msgs/include/uuv_world_ros_plugins_msgs/SetCurrentVelocityRequest.h, /home/amishsqrrob/uuv_simulator/devel/include/uuv_world_ros_plugins_msgs/SetCurrentVelocityRequest.h)
Linked: (/home/amishsqrrob/uuv_simulator/devel/.private/uuv_world_ros_plugins_msgs/include/uuv_world_ros_plugins_msgs/SetCurrentDirection.h, /home/amishsqrrob/uuv_simulator/devel/include/uuv_world_ros_plugins_msgs/SetCurrentDirection.h)
Linked: (/home/amishsqrrob/uuv_simulator/devel/.private/uuv_world_ros_plugins_msgs/include/uuv_world_ros_plugins_msgs/SetCurrentModel.h, /home/amishsqrrob/uuv_simulator/devel/include/uuv_world_ros_plugins_msgs/SetCurrentModel.h)
Linked: (/home/amishsqrrob/uuv_simulator/devel/.private/uuv_world_ros_plugins_msgs/include/uuv_world_ros_plugins_msgs/SetOriginSphericalCoordRequest.h, /home/amishsqrrob/uuv_simulator/devel/include/uuv_world_ros_plugins_msgs/SetOriginSphericalCoordRequest.h)
Linked: (/home/amishsqrrob/uuv_simulator/devel/.private/uuv_world_ros_plugins_msgs/include/uuv_world_ros_plugins_msgs/SetCurrentModelRequest.h, /home/amishsqrrob/uuv_simulator/devel/include/uuv_world_ros_plugins_msgs/SetCurrentModelRequest.h)
Linked: (/home/amishsqrrob/uuv_simulator/devel/.private/uuv_world_ros_plugins_msgs/include/uuv_world_ros_plugins_msgs/SetCurrentVelocityResponse.h, /home/amishsqrrob/uuv_simulator/devel/include/uuv_world_ros_plugins_msgs/SetCurrentVelocityResponse.h)
Linked: (/home/amishsqrrob/uuv_simulator/devel/.private/uuv_world_ros_plugins_msgs/include/uuv_world_ros_plugins_msgs/SetOriginSphericalCoord.h, /home/amishsqrrob/uuv_simulator/devel/include/uuv_world_ros_plugins_msgs/SetOriginSphericalCoord.h)
Linked: (/home/amishsqrrob/uuv_simulator/devel/.private/uuv_world_ros_plugins_msgs/include/uuv_world_ros_plugins_msgs/SetCurrentVelocity.h, /home/amishsqrrob/uuv_simulator/devel/include/uuv_world_ros_plugins_msgs/SetCurrentVelocity.h)
Linked: (/home/amishsqrrob/uuv_simulator/devel/.private/uuv_world_ros_plugins_msgs/lib/pkgconfig/uuv_world_ros_plugins_msgs.pc, /home/amishsqrrob/uuv_simulator/devel/lib/pkgconfig/uuv_world_ros_plugins_msgs.pc)
Linked: (/home/amishsqrrob/uuv_simulator/devel/.private/uuv_world_ros_plugins_msgs/lib/python2.7/dist-packages/uuv_world_ros_plugins_msgs/__init__.py, /home/amishsqrrob/uuv_simulator/devel/lib/python2.7/dist-packages/uuv_world_ros_plugins_msgs/__init__.py)
Linked: (/home/amishsqrrob/uuv_simulator/devel/.private/uuv_world_ros_plugins_msgs/lib/python2.7/dist-packages/uuv_world_ros_plugins_msgs/srv/_SetCurrentDirection.py, /home/amishsqrrob/uuv_simulator/devel/lib/python2.7/dist-packages/uuv_world_ros_plugins_msgs/srv/_SetCurrentDirection.py)
Linked: (/home/amishsqrrob/uuv_simulator/devel/.private/uuv_world_ros_plugins_msgs/lib/python2.7/dist-packages/uuv_world_ros_plugins_msgs/srv/__init__.py, /home/amishsqrrob/uuv_simulator/devel/lib/python2.7/dist-packages/uuv_world_ros_plugins_msgs/srv/__init__.py)
Linked: (/home/amishsqrrob/uuv_simulator/devel/.private/uuv_world_ros_plugins_msgs/lib/python2.7/dist-packages/uuv_world_ros_plugins_msgs/srv/_TransformFromSphericalCoord.py, /home/amishsqrrob/uuv_simulator/devel/lib/python2.7/dist-packages/uuv_world_ros_plugins_msgs/srv/_TransformFromSphericalCoord.py)
Linked: (/home/amishsqrrob/uuv_simulator/devel/.private/uuv_world_ros_plugins_msgs/lib/python2.7/dist-packages/uuv_world_ros_plugins_msgs/srv/_SetOriginSphericalCoord.py, /home/amishsqrrob/uuv_simulator/devel/lib/python2.7/dist-packages/uuv_world_ros_plugins_msgs/srv/_SetOriginSphericalCoord.py)
Linked: (/home/amishsqrrob/uuv_simulator/devel/.private/uuv_world_ros_plugins_msgs/lib/python2.7/dist-packages/uuv_world_ros_plugins_msgs/srv/_GetCurrentModel.py, /home/amishsqrrob/uuv_simulator/devel/lib/python2.7/dist-packages/uuv_world_ros_plugins_msgs/srv/_GetCurrentModel.py)
Linked: (/home/amishsqrrob/uuv_simulator/devel/.private/uuv_world_ros_plugins_msgs/lib/python2.7/dist-packages/uuv_world_ros_plugins_msgs/srv/_GetOriginSphericalCoord.py, /home/amishsqrrob/uuv_simulator/devel/lib/python2.7/dist-packages/uuv_world_ros_plugins_msgs/srv/_GetOriginSphericalCoord.py)
Linked: (/home/amishsqrrob/uuv_simulator/devel/.private/uuv_world_ros_plugins_msgs/lib/python2.7/dist-packages/uuv_world_ros_plugins_msgs/srv/_SetCurrentVelocity.py, /home/amishsqrrob/uuv_simulator/devel/lib/python2.7/dist-packages/uuv_world_ros_plugins_msgs/srv/_SetCurrentVelocity.py)
Linked: (/home/amishsqrrob/uuv_simulator/devel/.private/uuv_world_ros_plugins_msgs/lib/python2.7/dist-packages/uuv_world_ros_plugins_msgs/srv/_TransformToSphericalCoord.py, /home/amishsqrrob/uuv_simulator/devel/lib/python2.7/dist-packages/uuv_world_ros_plugins_msgs/srv/_TransformToSphericalCoord.py)
Linked: (/home/amishsqrrob/uuv_simulator/devel/.private/uuv_world_ros_plugins_msgs/lib/python2.7/dist-packages/uuv_world_ros_plugins_msgs/srv/_SetCurrentModel.py, /home/amishsqrrob/uuv_simulator/devel/lib/python2.7/dist-packages/uuv_world_ros_plugins_msgs/srv/_SetCurrentModel.py)
