Symlinking /home/amishsqrrob/uuv_simulator/devel/share/gennodejs/ros/uuv_manipulators_msgs/_index.js
Symlinking /home/amishsqrrob/uuv_simulator/devel/share/gennodejs/ros/uuv_manipulators_msgs/msg/ArmConfigCommand.js
Symlinking /home/amishsqrrob/uuv_simulator/devel/share/gennodejs/ros/uuv_manipulators_msgs/msg/EndeffectorState.js
Symlinking /home/amishsqrrob/uuv_simulator/devel/share/gennodejs/ros/uuv_manipulators_msgs/msg/EndPointState.js
Symlinking /home/amishsqrrob/uuv_simulator/devel/share/gennodejs/ros/uuv_manipulators_msgs/msg/_index.js
Symlinking /home/amishsqrrob/uuv_simulator/devel/share/gennodejs/ros/uuv_manipulators_msgs/msg/EndeffectorCommand.js
Symlinking /home/amishsqrrob/uuv_simulator/devel/share/gennodejs/ros/uuv_manipulators_msgs/srv/_index.js
Symlinking /home/amishsqrrob/uuv_simulator/devel/share/gennodejs/ros/uuv_manipulators_msgs/srv/SolveIK.js
Symlinking /home/amishsqrrob/uuv_simulator/devel/share/roseus/ros/uuv_manipulators_msgs/manifest.l
Symlinking /home/amishsqrrob/uuv_simulator/devel/share/roseus/ros/uuv_manipulators_msgs/msg/EndPointState.l
Symlinking /home/amishsqrrob/uuv_simulator/devel/share/roseus/ros/uuv_manipulators_msgs/msg/EndeffectorState.l
Symlinking /home/amishsqrrob/uuv_simulator/devel/share/roseus/ros/uuv_manipulators_msgs/msg/ArmConfigCommand.l
Symlinking /home/amishsqrrob/uuv_simulator/devel/share/roseus/ros/uuv_manipulators_msgs/msg/EndeffectorCommand.l
Symlinking /home/amishsqrrob/uuv_simulator/devel/share/roseus/ros/uuv_manipulators_msgs/srv/SolveIK.l
Symlinking /home/amishsqrrob/uuv_simulator/devel/share/uuv_manipulators_msgs/cmake/uuv_manipulators_msgs-msg-paths.cmake
Symlinking /home/amishsqrrob/uuv_simulator/devel/share/uuv_manipulators_msgs/cmake/uuv_manipulators_msgs-msg-extras.cmake
Symlinking /home/amishsqrrob/uuv_simulator/devel/share/uuv_manipulators_msgs/cmake/uuv_manipulators_msgsConfig-version.cmake
Symlinking /home/amishsqrrob/uuv_simulator/devel/share/uuv_manipulators_msgs/cmake/uuv_manipulators_msgsConfig.cmake
Symlinking /home/amishsqrrob/uuv_simulator/devel/share/common-lisp/ros/uuv_manipulators_msgs/msg/_package_EndeffectorCommand.lisp
Symlinking /home/amishsqrrob/uuv_simulator/devel/share/common-lisp/ros/uuv_manipulators_msgs/msg/_package_ArmConfigCommand.lisp
Symlinking /home/amishsqrrob/uuv_simulator/devel/share/common-lisp/ros/uuv_manipulators_msgs/msg/EndeffectorState.lisp
Symlinking /home/amishsqrrob/uuv_simulator/devel/share/common-lisp/ros/uuv_manipulators_msgs/msg/EndeffectorCommand.lisp
Symlinking /home/amishsqrrob/uuv_simulator/devel/share/common-lisp/ros/uuv_manipulators_msgs/msg/_package_EndeffectorState.lisp
Symlinking /home/amishsqrrob/uuv_simulator/devel/share/common-lisp/ros/uuv_manipulators_msgs/msg/_package_EndPointState.lisp
Symlinking /home/amishsqrrob/uuv_simulator/devel/share/common-lisp/ros/uuv_manipulators_msgs/msg/EndPointState.lisp
Symlinking /home/amishsqrrob/uuv_simulator/devel/share/common-lisp/ros/uuv_manipulators_msgs/msg/ArmConfigCommand.lisp
Symlinking /home/amishsqrrob/uuv_simulator/devel/share/common-lisp/ros/uuv_manipulators_msgs/msg/_package.lisp
Symlinking /home/amishsqrrob/uuv_simulator/devel/share/common-lisp/ros/uuv_manipulators_msgs/msg/uuv_manipulators_msgs-msg.asd
Symlinking /home/amishsqrrob/uuv_simulator/devel/share/common-lisp/ros/uuv_manipulators_msgs/srv/uuv_manipulators_msgs-srv.asd
Symlinking /home/amishsqrrob/uuv_simulator/devel/share/common-lisp/ros/uuv_manipulators_msgs/srv/_package_SolveIK.lisp
Symlinking /home/amishsqrrob/uuv_simulator/devel/share/common-lisp/ros/uuv_manipulators_msgs/srv/SolveIK.lisp
Symlinking /home/amishsqrrob/uuv_simulator/devel/share/common-lisp/ros/uuv_manipulators_msgs/srv/_package.lisp
Symlinking /home/amishsqrrob/uuv_simulator/devel/include/uuv_manipulators_msgs/SolveIK.h
Symlinking /home/amishsqrrob/uuv_simulator/devel/include/uuv_manipulators_msgs/ArmConfigCommand.h
Symlinking /home/amishsqrrob/uuv_simulator/devel/include/uuv_manipulators_msgs/SolveIKResponse.h
Symlinking /home/amishsqrrob/uuv_simulator/devel/include/uuv_manipulators_msgs/EndPointState.h
Symlinking /home/amishsqrrob/uuv_simulator/devel/include/uuv_manipulators_msgs/EndeffectorState.h
Symlinking /home/amishsqrrob/uuv_simulator/devel/include/uuv_manipulators_msgs/SolveIKRequest.h
Symlinking /home/amishsqrrob/uuv_simulator/devel/include/uuv_manipulators_msgs/EndeffectorCommand.h
Symlinking /home/amishsqrrob/uuv_simulator/devel/lib/pkgconfig/uuv_manipulators_msgs.pc
Symlinking /home/amishsqrrob/uuv_simulator/devel/lib/python2.7/dist-packages/uuv_manipulators_msgs/__init__.py
Symlinking /home/amishsqrrob/uuv_simulator/devel/lib/python2.7/dist-packages/uuv_manipulators_msgs/msg/_EndeffectorState.py
Symlinking /home/amishsqrrob/uuv_simulator/devel/lib/python2.7/dist-packages/uuv_manipulators_msgs/msg/__init__.py
Symlinking /home/amishsqrrob/uuv_simulator/devel/lib/python2.7/dist-packages/uuv_manipulators_msgs/msg/_ArmConfigCommand.py
Symlinking /home/amishsqrrob/uuv_simulator/devel/lib/python2.7/dist-packages/uuv_manipulators_msgs/msg/_EndeffectorCommand.py
Symlinking /home/amishsqrrob/uuv_simulator/devel/lib/python2.7/dist-packages/uuv_manipulators_msgs/msg/_EndPointState.py
Symlinking /home/amishsqrrob/uuv_simulator/devel/lib/python2.7/dist-packages/uuv_manipulators_msgs/srv/__init__.py
Symlinking /home/amishsqrrob/uuv_simulator/devel/lib/python2.7/dist-packages/uuv_manipulators_msgs/srv/_SolveIK.py
