[35m[1mScanning dependencies of target geometry_msgs_generate_messages_cpp[0m
[  0%] Built target geometry_msgs_generate_messages_cpp
[35m[1mScanning dependencies of target _uuv_manipulators_msgs_generate_messages_check_deps_EndeffectorCommand[0m
[  0%] Built target _uuv_manipulators_msgs_generate_messages_check_deps_EndeffectorCommand
[35m[1mScanning dependencies of target _uuv_manipulators_msgs_generate_messages_check_deps_EndPointState[0m
[  0%] Built target _uuv_manipulators_msgs_generate_messages_check_deps_EndPointState
[35m[1mScanning dependencies of target _uuv_manipulators_msgs_generate_messages_check_deps_EndeffectorState[0m
[  0%] Built target _uuv_manipulators_msgs_generate_messages_check_deps_EndeffectorState
[35m[1mScanning dependencies of target _uuv_manipulators_msgs_generate_messages_check_deps_SolveIK[0m
[  0%] Built target _uuv_manipulators_msgs_generate_messages_check_deps_SolveIK
[35m[1mScanning dependencies of target std_msgs_generate_messages_cpp[0m
[  0%] Built target std_msgs_generate_messages_cpp
[35m[1mScanning dependencies of target _uuv_manipulators_msgs_generate_messages_check_deps_ArmConfigCommand[0m
[  0%] Built target _uuv_manipulators_msgs_generate_messages_check_deps_ArmConfigCommand
[35m[1mScanning dependencies of target sensor_msgs_generate_messages_cpp[0m
[  0%] Built target sensor_msgs_generate_messages_cpp
[35m[1mScanning dependencies of target sensor_msgs_generate_messages_py[0m
[  0%] Built target sensor_msgs_generate_messages_py
[35m[1mScanning dependencies of target std_msgs_generate_messages_py[0m
[  0%] Built target std_msgs_generate_messages_py
[35m[1mScanning dependencies of target geometry_msgs_generate_messages_py[0m
[  0%] Built target geometry_msgs_generate_messages_py
[35m[1mScanning dependencies of target sensor_msgs_generate_messages_nodejs[0m
[  0%] Built target sensor_msgs_generate_messages_nodejs
[35m[1mScanning dependencies of target geometry_msgs_generate_messages_nodejs[0m
[  0%] Built target geometry_msgs_generate_messages_nodejs
[35m[1mScanning dependencies of target std_msgs_generate_messages_nodejs[0m
[  0%] Built target std_msgs_generate_messages_nodejs
[35m[1mScanning dependencies of target sensor_msgs_generate_messages_eus[0m
[  0%] Built target sensor_msgs_generate_messages_eus
[35m[1mScanning dependencies of target geometry_msgs_generate_messages_eus[0m
[  0%] Built target geometry_msgs_generate_messages_eus
[35m[1mScanning dependencies of target std_msgs_generate_messages_eus[0m
[  0%] Built target std_msgs_generate_messages_eus
[35m[1mScanning dependencies of target std_msgs_generate_messages_lisp[0m
[  0%] Built target std_msgs_generate_messages_lisp
[35m[1mScanning dependencies of target sensor_msgs_generate_messages_lisp[0m
[  0%] Built target sensor_msgs_generate_messages_lisp
[35m[1mScanning dependencies of target geometry_msgs_generate_messages_lisp[0m
[  0%] Built target geometry_msgs_generate_messages_lisp
[35m[1mScanning dependencies of target uuv_manipulators_msgs_generate_messages_cpp[0m
[  3%] [34m[1mGenerating C++ code from uuv_manipulators_msgs/EndeffectorState.msg[0m
[  7%] [34m[1mGenerating C++ code from uuv_manipulators_msgs/ArmConfigCommand.msg[0m
[ 10%] [34m[1mGenerating C++ code from uuv_manipulators_msgs/EndPointState.msg[0m
[ 14%] [34m[1mGenerating C++ code from uuv_manipulators_msgs/EndeffectorCommand.msg[0m
[ 17%] [34m[1mGenerating C++ code from uuv_manipulators_msgs/SolveIK.srv[0m
[ 17%] Built target uuv_manipulators_msgs_generate_messages_cpp
[35m[1mScanning dependencies of target uuv_manipulators_msgs_generate_messages_py[0m
[ 21%] [34m[1mGenerating Python from MSG uuv_manipulators_msgs/EndeffectorState[0m
[ 25%] [34m[1mGenerating Python from MSG uuv_manipulators_msgs/ArmConfigCommand[0m
[ 28%] [34m[1mGenerating Python from MSG uuv_manipulators_msgs/EndPointState[0m
[ 32%] [34m[1mGenerating Python from MSG uuv_manipulators_msgs/EndeffectorCommand[0m
[ 35%] [34m[1mGenerating Python code from SRV uuv_manipulators_msgs/SolveIK[0m
[ 39%] [34m[1mGenerating Python msg __init__.py for uuv_manipulators_msgs[0m
[ 42%] [34m[1mGenerating Python srv __init__.py for uuv_manipulators_msgs[0m
[ 42%] Built target uuv_manipulators_msgs_generate_messages_py
[35m[1mScanning dependencies of target uuv_manipulators_msgs_generate_messages_nodejs[0m
[ 46%] [34m[1mGenerating Javascript code from uuv_manipulators_msgs/EndeffectorState.msg[0m
[ 50%] [34m[1mGenerating Javascript code from uuv_manipulators_msgs/ArmConfigCommand.msg[0m
[ 53%] [34m[1mGenerating Javascript code from uuv_manipulators_msgs/EndPointState.msg[0m
[ 57%] [34m[1mGenerating Javascript code from uuv_manipulators_msgs/EndeffectorCommand.msg[0m
[ 60%] [34m[1mGenerating Javascript code from uuv_manipulators_msgs/SolveIK.srv[0m
[ 60%] Built target uuv_manipulators_msgs_generate_messages_nodejs
[35m[1mScanning dependencies of target uuv_manipulators_msgs_generate_messages_eus[0m
[ 64%] [34m[1mGenerating EusLisp code from uuv_manipulators_msgs/EndeffectorState.msg[0m
[ 67%] [34m[1mGenerating EusLisp code from uuv_manipulators_msgs/ArmConfigCommand.msg[0m
[ 71%] [34m[1mGenerating EusLisp code from uuv_manipulators_msgs/EndPointState.msg[0m
[ 75%] [34m[1mGenerating EusLisp code from uuv_manipulators_msgs/EndeffectorCommand.msg[0m
[ 78%] [34m[1mGenerating EusLisp code from uuv_manipulators_msgs/SolveIK.srv[0m
[ 82%] [34m[1mGenerating EusLisp manifest code for uuv_manipulators_msgs[0m
[ 82%] Built target uuv_manipulators_msgs_generate_messages_eus
[35m[1mScanning dependencies of target uuv_manipulators_msgs_generate_messages_lisp[0m
[ 85%] [34m[1mGenerating Lisp code from uuv_manipulators_msgs/EndeffectorState.msg[0m
[ 89%] [34m[1mGenerating Lisp code from uuv_manipulators_msgs/ArmConfigCommand.msg[0m
[ 92%] [34m[1mGenerating Lisp code from uuv_manipulators_msgs/EndPointState.msg[0m
[ 96%] [34m[1mGenerating Lisp code from uuv_manipulators_msgs/EndeffectorCommand.msg[0m
[100%] [34m[1mGenerating Lisp code from uuv_manipulators_msgs/SolveIK.srv[0m
[100%] Built target uuv_manipulators_msgs_generate_messages_lisp
[35m[1mScanning dependencies of target uuv_manipulators_msgs_generate_messages[0m
[100%] Built target uuv_manipulators_msgs_generate_messages
