Determining if the pthread_create exist failed with the following output:
Change Dir: /home/amishsqrrob/uuv_simulator/build/oberon7_description/CMakeFiles/CMakeTmp

Run Build Command:"/usr/bin/make" "cmTC_02e71/fast"
/usr/bin/make -f CMakeFiles/cmTC_02e71.dir/build.make CMakeFiles/cmTC_02e71.dir/build
make[1]: Entering directory '/home/amishsqrrob/uuv_simulator/build/oberon7_description/CMakeFiles/CMakeTmp'
Building C object CMakeFiles/cmTC_02e71.dir/CheckSymbolExists.c.o
/usr/bin/cc     -o CMakeFiles/cmTC_02e71.dir/CheckSymbolExists.c.o   -c /home/amishsqrrob/uuv_simulator/build/oberon7_description/CMakeFiles/CMakeTmp/CheckSymbolExists.c
Linking C executable cmTC_02e71
/usr/bin/cmake -E cmake_link_script CMakeFiles/cmTC_02e71.dir/link.txt --verbose=1
/usr/bin/cc       CMakeFiles/cmTC_02e71.dir/CheckSymbolExists.c.o  -o cmTC_02e71 -rdynamic 
CMakeFiles/cmTC_02e71.dir/CheckSymbolExists.c.o: In function `main':
CheckSymbolExists.c:(.text+0x16): undefined reference to `pthread_create'
collect2: error: ld returned 1 exit status
CMakeFiles/cmTC_02e71.dir/build.make:97: recipe for target 'cmTC_02e71' failed
make[1]: *** [cmTC_02e71] Error 1
make[1]: Leaving directory '/home/amishsqrrob/uuv_simulator/build/oberon7_description/CMakeFiles/CMakeTmp'
Makefile:126: recipe for target 'cmTC_02e71/fast' failed
make: *** [cmTC_02e71/fast] Error 2

File /home/amishsqrrob/uuv_simulator/build/oberon7_description/CMakeFiles/CMakeTmp/CheckSymbolExists.c:
/* */
#include <pthread.h>

int main(int argc, char** argv)
{
  (void)argv;
#ifndef pthread_create
  return ((int*)(&pthread_create))[argc];
#else
  (void)argc;
  return 0;
#endif
}

Determining if the function pthread_create exists in the pthreads failed with the following output:
Change Dir: /home/amishsqrrob/uuv_simulator/build/oberon7_description/CMakeFiles/CMakeTmp

Run Build Command:"/usr/bin/make" "cmTC_9a860/fast"
/usr/bin/make -f CMakeFiles/cmTC_9a860.dir/build.make CMakeFiles/cmTC_9a860.dir/build
make[1]: Entering directory '/home/amishsqrrob/uuv_simulator/build/oberon7_description/CMakeFiles/CMakeTmp'
Building C object CMakeFiles/cmTC_9a860.dir/CheckFunctionExists.c.o
/usr/bin/cc    -DCHECK_FUNCTION_EXISTS=pthread_create   -o CMakeFiles/cmTC_9a860.dir/CheckFunctionExists.c.o   -c /usr/share/cmake-3.5/Modules/CheckFunctionExists.c
Linking C executable cmTC_9a860
/usr/bin/cmake -E cmake_link_script CMakeFiles/cmTC_9a860.dir/link.txt --verbose=1
/usr/bin/cc   -DCHECK_FUNCTION_EXISTS=pthread_create    CMakeFiles/cmTC_9a860.dir/CheckFunctionExists.c.o  -o cmTC_9a860 -rdynamic -lpthreads 
/usr/bin/ld: cannot find -lpthreads
collect2: error: ld returned 1 exit status
CMakeFiles/cmTC_9a860.dir/build.make:97: recipe for target 'cmTC_9a860' failed
make[1]: *** [cmTC_9a860] Error 1
make[1]: Leaving directory '/home/amishsqrrob/uuv_simulator/build/oberon7_description/CMakeFiles/CMakeTmp'
Makefile:126: recipe for target 'cmTC_9a860/fast' failed
make: *** [cmTC_9a860/fast] Error 2


