Determining if the pthread_create exist failed with the following output:
Change Dir: /home/amishsqrrob/uuv_simulator/build/uuv_gazebo_ros_plugins_msgs/CMakeFiles/CMakeTmp

Run Build Command:"/usr/bin/make" "cmTC_7faae/fast"
/usr/bin/make -f CMakeFiles/cmTC_7faae.dir/build.make CMakeFiles/cmTC_7faae.dir/build
make[1]: Entering directory '/home/amishsqrrob/uuv_simulator/build/uuv_gazebo_ros_plugins_msgs/CMakeFiles/CMakeTmp'
Building C object CMakeFiles/cmTC_7faae.dir/CheckSymbolExists.c.o
/usr/bin/cc     -o CMakeFiles/cmTC_7faae.dir/CheckSymbolExists.c.o   -c /home/amishsqrrob/uuv_simulator/build/uuv_gazebo_ros_plugins_msgs/CMakeFiles/CMakeTmp/CheckSymbolExists.c
Linking C executable cmTC_7faae
/usr/bin/cmake -E cmake_link_script CMakeFiles/cmTC_7faae.dir/link.txt --verbose=1
/usr/bin/cc       CMakeFiles/cmTC_7faae.dir/CheckSymbolExists.c.o  -o cmTC_7faae -rdynamic 
CMakeFiles/cmTC_7faae.dir/CheckSymbolExists.c.o: In function `main':
CheckSymbolExists.c:(.text+0x16): undefined reference to `pthread_create'
collect2: error: ld returned 1 exit status
CMakeFiles/cmTC_7faae.dir/build.make:97: recipe for target 'cmTC_7faae' failed
make[1]: *** [cmTC_7faae] Error 1
make[1]: Leaving directory '/home/amishsqrrob/uuv_simulator/build/uuv_gazebo_ros_plugins_msgs/CMakeFiles/CMakeTmp'
Makefile:126: recipe for target 'cmTC_7faae/fast' failed
make: *** [cmTC_7faae/fast] Error 2

File /home/amishsqrrob/uuv_simulator/build/uuv_gazebo_ros_plugins_msgs/CMakeFiles/CMakeTmp/CheckSymbolExists.c:
/* */
#include <pthread.h>

int main(int argc, char** argv)
{
  (void)argv;
#ifndef pthread_create
  return ((int*)(&pthread_create))[argc];
#else
  (void)argc;
  return 0;
#endif
}

Determining if the function pthread_create exists in the pthreads failed with the following output:
Change Dir: /home/amishsqrrob/uuv_simulator/build/uuv_gazebo_ros_plugins_msgs/CMakeFiles/CMakeTmp

Run Build Command:"/usr/bin/make" "cmTC_cfdfa/fast"
/usr/bin/make -f CMakeFiles/cmTC_cfdfa.dir/build.make CMakeFiles/cmTC_cfdfa.dir/build
make[1]: Entering directory '/home/amishsqrrob/uuv_simulator/build/uuv_gazebo_ros_plugins_msgs/CMakeFiles/CMakeTmp'
Building C object CMakeFiles/cmTC_cfdfa.dir/CheckFunctionExists.c.o
/usr/bin/cc    -DCHECK_FUNCTION_EXISTS=pthread_create   -o CMakeFiles/cmTC_cfdfa.dir/CheckFunctionExists.c.o   -c /usr/share/cmake-3.5/Modules/CheckFunctionExists.c
Linking C executable cmTC_cfdfa
/usr/bin/cmake -E cmake_link_script CMakeFiles/cmTC_cfdfa.dir/link.txt --verbose=1
/usr/bin/cc   -DCHECK_FUNCTION_EXISTS=pthread_create    CMakeFiles/cmTC_cfdfa.dir/CheckFunctionExists.c.o  -o cmTC_cfdfa -rdynamic -lpthreads 
/usr/bin/ld: cannot find -lpthreads
collect2: error: ld returned 1 exit status
CMakeFiles/cmTC_cfdfa.dir/build.make:97: recipe for target 'cmTC_cfdfa' failed
make[1]: *** [cmTC_cfdfa] Error 1
make[1]: Leaving directory '/home/amishsqrrob/uuv_simulator/build/uuv_gazebo_ros_plugins_msgs/CMakeFiles/CMakeTmp'
Makefile:126: recipe for target 'cmTC_cfdfa/fast' failed
make: *** [cmTC_cfdfa/fast] Error 2


