Determining if the pthread_create exist failed with the following output:
Change Dir: /home/amishsqrrob/uuv_simulator/build/uuv_descriptions/CMakeFiles/CMakeTmp

Run Build Command:"/usr/bin/make" "cmTC_a214f/fast"
/usr/bin/make -f CMakeFiles/cmTC_a214f.dir/build.make CMakeFiles/cmTC_a214f.dir/build
make[1]: Entering directory '/home/amishsqrrob/uuv_simulator/build/uuv_descriptions/CMakeFiles/CMakeTmp'
Building C object CMakeFiles/cmTC_a214f.dir/CheckSymbolExists.c.o
/usr/bin/cc     -o CMakeFiles/cmTC_a214f.dir/CheckSymbolExists.c.o   -c /home/amishsqrrob/uuv_simulator/build/uuv_descriptions/CMakeFiles/CMakeTmp/CheckSymbolExists.c
Linking C executable cmTC_a214f
/usr/bin/cmake -E cmake_link_script CMakeFiles/cmTC_a214f.dir/link.txt --verbose=1
/usr/bin/cc       CMakeFiles/cmTC_a214f.dir/CheckSymbolExists.c.o  -o cmTC_a214f -rdynamic 
CMakeFiles/cmTC_a214f.dir/CheckSymbolExists.c.o: In function `main':
CheckSymbolExists.c:(.text+0x16): undefined reference to `pthread_create'
collect2: error: ld returned 1 exit status
CMakeFiles/cmTC_a214f.dir/build.make:97: recipe for target 'cmTC_a214f' failed
make[1]: *** [cmTC_a214f] Error 1
make[1]: Leaving directory '/home/amishsqrrob/uuv_simulator/build/uuv_descriptions/CMakeFiles/CMakeTmp'
Makefile:126: recipe for target 'cmTC_a214f/fast' failed
make: *** [cmTC_a214f/fast] Error 2

File /home/amishsqrrob/uuv_simulator/build/uuv_descriptions/CMakeFiles/CMakeTmp/CheckSymbolExists.c:
/* */
#include <pthread.h>

int main(int argc, char** argv)
{
  (void)argv;
#ifndef pthread_create
  return ((int*)(&pthread_create))[argc];
#else
  (void)argc;
  return 0;
#endif
}

Determining if the function pthread_create exists in the pthreads failed with the following output:
Change Dir: /home/amishsqrrob/uuv_simulator/build/uuv_descriptions/CMakeFiles/CMakeTmp

Run Build Command:"/usr/bin/make" "cmTC_1e9d3/fast"
/usr/bin/make -f CMakeFiles/cmTC_1e9d3.dir/build.make CMakeFiles/cmTC_1e9d3.dir/build
make[1]: Entering directory '/home/amishsqrrob/uuv_simulator/build/uuv_descriptions/CMakeFiles/CMakeTmp'
Building C object CMakeFiles/cmTC_1e9d3.dir/CheckFunctionExists.c.o
/usr/bin/cc    -DCHECK_FUNCTION_EXISTS=pthread_create   -o CMakeFiles/cmTC_1e9d3.dir/CheckFunctionExists.c.o   -c /usr/share/cmake-3.5/Modules/CheckFunctionExists.c
Linking C executable cmTC_1e9d3
/usr/bin/cmake -E cmake_link_script CMakeFiles/cmTC_1e9d3.dir/link.txt --verbose=1
/usr/bin/cc   -DCHECK_FUNCTION_EXISTS=pthread_create    CMakeFiles/cmTC_1e9d3.dir/CheckFunctionExists.c.o  -o cmTC_1e9d3 -rdynamic -lpthreads 
/usr/bin/ld: cannot find -lpthreads
collect2: error: ld returned 1 exit status
CMakeFiles/cmTC_1e9d3.dir/build.make:97: recipe for target 'cmTC_1e9d3' failed
make[1]: *** [cmTC_1e9d3] Error 1
make[1]: Leaving directory '/home/amishsqrrob/uuv_simulator/build/uuv_descriptions/CMakeFiles/CMakeTmp'
Makefile:126: recipe for target 'cmTC_1e9d3/fast' failed
make: *** [cmTC_1e9d3/fast] Error 2


