Determining if the pthread_create exist failed with the following output:
Change Dir: /home/amishsqrrob/uuv_simulator/build/uuv_gazebo_plugins/CMakeFiles/CMakeTmp

Run Build Command:"/usr/bin/make" "cmTC_b021e/fast"
/usr/bin/make -f CMakeFiles/cmTC_b021e.dir/build.make CMakeFiles/cmTC_b021e.dir/build
make[1]: Entering directory '/home/amishsqrrob/uuv_simulator/build/uuv_gazebo_plugins/CMakeFiles/CMakeTmp'
Building C object CMakeFiles/cmTC_b021e.dir/CheckSymbolExists.c.o
/usr/bin/cc     -o CMakeFiles/cmTC_b021e.dir/CheckSymbolExists.c.o   -c /home/amishsqrrob/uuv_simulator/build/uuv_gazebo_plugins/CMakeFiles/CMakeTmp/CheckSymbolExists.c
Linking C executable cmTC_b021e
/usr/bin/cmake -E cmake_link_script CMakeFiles/cmTC_b021e.dir/link.txt --verbose=1
/usr/bin/cc       CMakeFiles/cmTC_b021e.dir/CheckSymbolExists.c.o  -o cmTC_b021e -rdynamic 
CMakeFiles/cmTC_b021e.dir/CheckSymbolExists.c.o: In function `main':
CheckSymbolExists.c:(.text+0x16): undefined reference to `pthread_create'
collect2: error: ld returned 1 exit status
CMakeFiles/cmTC_b021e.dir/build.make:97: recipe for target 'cmTC_b021e' failed
make[1]: *** [cmTC_b021e] Error 1
make[1]: Leaving directory '/home/amishsqrrob/uuv_simulator/build/uuv_gazebo_plugins/CMakeFiles/CMakeTmp'
Makefile:126: recipe for target 'cmTC_b021e/fast' failed
make: *** [cmTC_b021e/fast] Error 2

File /home/amishsqrrob/uuv_simulator/build/uuv_gazebo_plugins/CMakeFiles/CMakeTmp/CheckSymbolExists.c:
/* */
#include <pthread.h>

int main(int argc, char** argv)
{
  (void)argv;
#ifndef pthread_create
  return ((int*)(&pthread_create))[argc];
#else
  (void)argc;
  return 0;
#endif
}

Determining if the function pthread_create exists in the pthreads failed with the following output:
Change Dir: /home/amishsqrrob/uuv_simulator/build/uuv_gazebo_plugins/CMakeFiles/CMakeTmp

Run Build Command:"/usr/bin/make" "cmTC_c55bc/fast"
/usr/bin/make -f CMakeFiles/cmTC_c55bc.dir/build.make CMakeFiles/cmTC_c55bc.dir/build
make[1]: Entering directory '/home/amishsqrrob/uuv_simulator/build/uuv_gazebo_plugins/CMakeFiles/CMakeTmp'
Building C object CMakeFiles/cmTC_c55bc.dir/CheckFunctionExists.c.o
/usr/bin/cc    -DCHECK_FUNCTION_EXISTS=pthread_create   -o CMakeFiles/cmTC_c55bc.dir/CheckFunctionExists.c.o   -c /usr/share/cmake-3.5/Modules/CheckFunctionExists.c
Linking C executable cmTC_c55bc
/usr/bin/cmake -E cmake_link_script CMakeFiles/cmTC_c55bc.dir/link.txt --verbose=1
/usr/bin/cc   -DCHECK_FUNCTION_EXISTS=pthread_create    CMakeFiles/cmTC_c55bc.dir/CheckFunctionExists.c.o  -o cmTC_c55bc -rdynamic -lpthreads 
/usr/bin/ld: cannot find -lpthreads
collect2: error: ld returned 1 exit status
CMakeFiles/cmTC_c55bc.dir/build.make:97: recipe for target 'cmTC_c55bc' failed
make[1]: *** [cmTC_c55bc] Error 1
make[1]: Leaving directory '/home/amishsqrrob/uuv_simulator/build/uuv_gazebo_plugins/CMakeFiles/CMakeTmp'
Makefile:126: recipe for target 'cmTC_c55bc/fast' failed
make: *** [cmTC_c55bc/fast] Error 2


