[  0%] Built target _uuv_control_msgs_generate_messages_check_deps_InitHelicalTrajectory
[  0%] Built target _uuv_control_msgs_generate_messages_check_deps_WaypointSet
[  0%] Built target _uuv_control_msgs_generate_messages_check_deps_TrajectoryPoint
[  0%] Built target _uuv_control_msgs_generate_messages_check_deps_SwitchToAutomatic
[  0%] Built target _uuv_control_msgs_generate_messages_check_deps_GetSMControllerParams
[  0%] Built target _uuv_control_msgs_generate_messages_check_deps_SetMBSMControllerParams
[  0%] Built target std_msgs_generate_messages_cpp
[  0%] Built target _uuv_control_msgs_generate_messages_check_deps_SwitchToManual
[  0%] Built target geometry_msgs_generate_messages_cpp
[  0%] Built target _uuv_control_msgs_generate_messages_check_deps_ResetController
[  0%] Built target _uuv_control_msgs_generate_messages_check_deps_IsRunningTrajectory
[  0%] Built target _uuv_control_msgs_generate_messages_check_deps_GoTo
[  0%] Built target _uuv_control_msgs_generate_messages_check_deps_ClearWaypoints
[  0%] Built target _uuv_control_msgs_generate_messages_check_deps_GetWaypoints
[  0%] Built target _uuv_control_msgs_generate_messages_check_deps_StartTrajectory
[  0%] Built target _uuv_control_msgs_generate_messages_check_deps_InitWaypointSet
[  0%] Built target _uuv_control_msgs_generate_messages_check_deps_SetPIDParams
[  0%] Built target _uuv_control_msgs_generate_messages_check_deps_InitCircularTrajectory
[  0%] Built target _uuv_control_msgs_generate_messages_check_deps_AddWaypoint
[  0%] Built target _uuv_control_msgs_generate_messages_check_deps_GoToIncremental
[  0%] Built target _uuv_control_msgs_generate_messages_check_deps_InitWaypointsFromFile
[  0%] Built target _uuv_control_msgs_generate_messages_check_deps_Hold
[  0%] Built target _uuv_control_msgs_generate_messages_check_deps_Trajectory
[  0%] Built target _uuv_control_msgs_generate_messages_check_deps_GetMBSMControllerParams
[  0%] Built target _uuv_control_msgs_generate_messages_check_deps_InitRectTrajectory
[  0%] Built target _uuv_control_msgs_generate_messages_check_deps_Waypoint
[  0%] Built target _uuv_control_msgs_generate_messages_check_deps_SetSMControllerParams
[  0%] Built target std_msgs_generate_messages_nodejs
[  0%] Built target geometry_msgs_generate_messages_nodejs
[  0%] Built target _uuv_control_msgs_generate_messages_check_deps_GetPIDParams
[  0%] Built target std_msgs_generate_messages_py
[  0%] Built target geometry_msgs_generate_messages_py
[  0%] Built target std_msgs_generate_messages_lisp
[  0%] Built target std_msgs_generate_messages_eus
[  0%] Built target geometry_msgs_generate_messages_lisp
[  0%] Built target geometry_msgs_generate_messages_eus
[ 19%] Built target uuv_control_msgs_generate_messages_cpp
[ 58%] Built target uuv_control_msgs_generate_messages_nodejs
[ 58%] Built target uuv_control_msgs_generate_messages_lisp
[ 79%] Built target uuv_control_msgs_generate_messages_py
[100%] Built target uuv_control_msgs_generate_messages_eus
[100%] Built target uuv_control_msgs_generate_messages
