Determining if the pthread_create exist failed with the following output:
Change Dir: /home/amishsqrrob/uuv_simulator/build/uuv_auv_control_allocator/CMakeFiles/CMakeTmp

Run Build Command:"/usr/bin/make" "cmTC_bc15c/fast"
/usr/bin/make -f CMakeFiles/cmTC_bc15c.dir/build.make CMakeFiles/cmTC_bc15c.dir/build
make[1]: Entering directory '/home/amishsqrrob/uuv_simulator/build/uuv_auv_control_allocator/CMakeFiles/CMakeTmp'
Building C object CMakeFiles/cmTC_bc15c.dir/CheckSymbolExists.c.o
/usr/bin/cc     -o CMakeFiles/cmTC_bc15c.dir/CheckSymbolExists.c.o   -c /home/amishsqrrob/uuv_simulator/build/uuv_auv_control_allocator/CMakeFiles/CMakeTmp/CheckSymbolExists.c
Linking C executable cmTC_bc15c
/usr/bin/cmake -E cmake_link_script CMakeFiles/cmTC_bc15c.dir/link.txt --verbose=1
/usr/bin/cc       CMakeFiles/cmTC_bc15c.dir/CheckSymbolExists.c.o  -o cmTC_bc15c -rdynamic 
CMakeFiles/cmTC_bc15c.dir/CheckSymbolExists.c.o: In function `main':
CheckSymbolExists.c:(.text+0x16): undefined reference to `pthread_create'
collect2: error: ld returned 1 exit status
CMakeFiles/cmTC_bc15c.dir/build.make:97: recipe for target 'cmTC_bc15c' failed
make[1]: *** [cmTC_bc15c] Error 1
make[1]: Leaving directory '/home/amishsqrrob/uuv_simulator/build/uuv_auv_control_allocator/CMakeFiles/CMakeTmp'
Makefile:126: recipe for target 'cmTC_bc15c/fast' failed
make: *** [cmTC_bc15c/fast] Error 2

File /home/amishsqrrob/uuv_simulator/build/uuv_auv_control_allocator/CMakeFiles/CMakeTmp/CheckSymbolExists.c:
/* */
#include <pthread.h>

int main(int argc, char** argv)
{
  (void)argv;
#ifndef pthread_create
  return ((int*)(&pthread_create))[argc];
#else
  (void)argc;
  return 0;
#endif
}

Determining if the function pthread_create exists in the pthreads failed with the following output:
Change Dir: /home/amishsqrrob/uuv_simulator/build/uuv_auv_control_allocator/CMakeFiles/CMakeTmp

Run Build Command:"/usr/bin/make" "cmTC_12ac6/fast"
/usr/bin/make -f CMakeFiles/cmTC_12ac6.dir/build.make CMakeFiles/cmTC_12ac6.dir/build
make[1]: Entering directory '/home/amishsqrrob/uuv_simulator/build/uuv_auv_control_allocator/CMakeFiles/CMakeTmp'
Building C object CMakeFiles/cmTC_12ac6.dir/CheckFunctionExists.c.o
/usr/bin/cc    -DCHECK_FUNCTION_EXISTS=pthread_create   -o CMakeFiles/cmTC_12ac6.dir/CheckFunctionExists.c.o   -c /usr/share/cmake-3.5/Modules/CheckFunctionExists.c
Linking C executable cmTC_12ac6
/usr/bin/cmake -E cmake_link_script CMakeFiles/cmTC_12ac6.dir/link.txt --verbose=1
/usr/bin/cc   -DCHECK_FUNCTION_EXISTS=pthread_create    CMakeFiles/cmTC_12ac6.dir/CheckFunctionExists.c.o  -o cmTC_12ac6 -rdynamic -lpthreads 
/usr/bin/ld: cannot find -lpthreads
collect2: error: ld returned 1 exit status
CMakeFiles/cmTC_12ac6.dir/build.make:97: recipe for target 'cmTC_12ac6' failed
make[1]: *** [cmTC_12ac6] Error 1
make[1]: Leaving directory '/home/amishsqrrob/uuv_simulator/build/uuv_auv_control_allocator/CMakeFiles/CMakeTmp'
Makefile:126: recipe for target 'cmTC_12ac6/fast' failed
make: *** [cmTC_12ac6/fast] Error 2


